Mplus VERSION 8.2
MUTHEN & MUTHEN
03/06/2020  12:28 PM

INPUT INSTRUCTIONS

  TITLE:

  Model list (those ending in "c" use the original variables,
  without "c" are Svallfors collapsed categories).

  svallfors1 = Multigroup model everything constrained except latent means

  svallfors2 = This model includes fixed factor loadings by group
  and intercepts for jobs allowed to vary other two fixed,
  , but means allowed to vary by group;

  svallfors3 = everything free by group, except factor loadings


  DATA: FILE = svallfors.dat;
  VARIABLE:
      NAMES = row incd jobs basic incd3 jobs3
          basic3 country male age edyrs;
      !MISSING=.;
      USEVARIABLES = incd jobs basic;
        GROUPING is country (752=Swe,578=Nor,276=Ger,40=Aut,
          36=Aus,554=NZ,124=Can,840=USA);

  ANALYSIS:
      TYPE = general;
  MODEL:
      scale BY incd(a);
      scale BY jobs(b);
      scale BY basic(c);
      jobs*;
      incd*;
      [jobs*];

  Model Swe:
      scale BY incd(a);
      scale BY jobs(b);
      scale BY basic(c);
      jobs(j1);
      incd(i);
      scale@1;

  Model Nor:
      scale BY incd(a);
      scale BY jobs(b);
      scale BY basic(c);
      jobs(j2);
      [incd@1];
      scale@1;

  Model Ger:
      scale BY incd(a);
      scale BY jobs(b);
      scale BY basic(c);
      jobs(j3);
      incd(i);
      scale@1;

  Model Aut:
      scale BY incd(a);
      scale BY jobs(b);
      scale BY basic(c);
      jobs(j4);
      incd(i);
      scale@1;

  Model Aus:
      scale BY incd(a);
      scale BY jobs(b);
      scale BY basic(c);
      jobs(j5);
      incd(i);
      scale@1;

  Model NZ:
      scale BY incd(a);
      scale BY jobs(b);
      scale BY basic(c);
      jobs(j6);
      incd(i);
      scale@1;

  Model Can:
      scale BY incd(a);
      scale BY jobs(b);
      scale BY basic(c);
      jobs(j7);
      incd(i);
      scale@1;

  Model USA:
      scale BY incd*;
      scale BY jobs(b);
      scale BY basic(c);
      jobs(j8);
      incd(i);
      scale*;

  OUTPUT:

  STDYX; MODINDICES(4);



INPUT READING TERMINATED NORMALLY





Model list (those ending in "c" use the original variables,
without "c" are Svallfors collapsed categories).

svallfors1 = Multigroup model everything constrained except latent means

svallfors2 = This model includes fixed factor loadings by group
and intercepts for jobs allowed to vary other two fixed,
, but means allowed to vary by group;

svallfors3 = everything free by group, except factor loadings

SUMMARY OF ANALYSIS

Number of groups                                                 8
Number of observations
   Group AUS                                                  1979
   Group AUT                                                   918
   Group CAN                                                   866
   Group GER                                                  1840
   Group NZ                                                   1117
   Group NOR                                                  1342
   Group SWE                                                   658
   Group USA                                                  1172
   Total sample size                                          9892

Number of dependent variables                                    3
Number of independent variables                                  0
Number of continuous latent variables                            1

Observed dependent variables

  Continuous
   INCD        JOBS        BASIC

Continuous latent variables
   SCALE

Variables with special functions

  Grouping variable     COUNTRY

Estimator                                                       ML
Information matrix                                        OBSERVED
Maximum number of iterations                                  1000
Convergence criterion                                    0.500D-04
Maximum number of steepest descent iterations                   20

Input data file(s)
  svallfors.dat

Input data format  FREE



UNIVARIATE SAMPLE STATISTICS


     UNIVARIATE HIGHER-ORDER MOMENT DESCRIPTIVE STATISTICS FOR AUS

         Variable/         Mean/     Skewness/   Minimum/ % with                Percentiles
        Sample Size      Variance    Kurtosis    Maximum  Min/Max      20%/60%    40%/80%    Median

     INCD                  3.061      -0.056       1.000    8.14%       2.000      3.000      3.000
            1979.000       1.333      -1.044       5.000    9.75%       4.000      4.000
     JOBS                  3.029       0.059       1.000    6.82%       2.000      3.000      3.000
            1979.000       1.270      -1.002       5.000    9.60%       3.000      4.000
     BASIC                 3.238      -0.285       1.000    5.81%       2.000      3.000      4.000
            1979.000       1.236      -0.926       5.000   10.26%       4.000      4.000


     UNIVARIATE HIGHER-ORDER MOMENT DESCRIPTIVE STATISTICS FOR AUT

         Variable/         Mean/     Skewness/   Minimum/ % with                Percentiles
        Sample Size      Variance    Kurtosis    Maximum  Min/Max      20%/60%    40%/80%    Median

     INCD                  3.748      -0.774       1.000    4.14%       3.000      4.000      4.000
             918.000       1.267      -0.273       5.000   27.67%       4.000      5.000
     JOBS                  3.856      -0.922       1.000    4.14%       3.000      4.000      4.000
             918.000       1.186       0.192       5.000   31.26%       4.000      5.000
     BASIC                 3.212      -0.342       1.000   12.20%       2.000      3.000      4.000
             918.000       1.579      -1.015       5.000   14.27%       4.000      4.000


     UNIVARIATE HIGHER-ORDER MOMENT DESCRIPTIVE STATISTICS FOR CAN

         Variable/         Mean/     Skewness/   Minimum/ % with                Percentiles
        Sample Size      Variance    Kurtosis    Maximum  Min/Max      20%/60%    40%/80%    Median

     INCD                  3.224      -0.217       1.000    9.70%       2.000      3.000      3.000
             866.000       1.520      -1.007       5.000   16.40%       4.000      4.000
     JOBS                  3.012       0.099       1.000   11.09%       2.000      2.000      3.000
             866.000       1.593      -1.138       5.000   15.13%       3.000      4.000
     BASIC                 3.143      -0.103       1.000   11.55%       2.000      3.000      3.000
             866.000       1.728      -1.266       5.000   17.67%       4.000      4.000


     UNIVARIATE HIGHER-ORDER MOMENT DESCRIPTIVE STATISTICS FOR GER

         Variable/         Mean/     Skewness/   Minimum/ % with                Percentiles
        Sample Size      Variance    Kurtosis    Maximum  Min/Max      20%/60%    40%/80%    Median

     INCD                  3.630      -0.729       1.000    5.00%       3.000      4.000      4.000
            1840.000       1.240      -0.281       5.000   20.98%       4.000      5.000
     JOBS                  3.666      -0.729       1.000    4.51%       3.000      4.000      4.000
            1840.000       1.219      -0.251       5.000   22.55%       4.000      5.000
     BASIC                 3.431      -0.473       1.000    7.61%       2.000      3.000      4.000
            1840.000       1.487      -0.867       5.000   19.51%       4.000      4.000


     UNIVARIATE HIGHER-ORDER MOMENT DESCRIPTIVE STATISTICS FOR NZ

         Variable/         Mean/     Skewness/   Minimum/ % with                Percentiles
        Sample Size      Variance    Kurtosis    Maximum  Min/Max      20%/60%    40%/80%    Median

     INCD                  3.299      -0.310       1.000    7.70%       2.000      3.000      4.000
            1117.000       1.456      -1.003       5.000   15.85%       4.000      4.000
     JOBS                  3.308      -0.125       1.000    5.10%       2.000      3.000      3.000
            1117.000       1.450      -1.150       5.000   19.16%       4.000      4.000
     BASIC                 3.494      -0.459       1.000    5.10%       2.000      4.000      4.000
            1117.000       1.407      -0.897       5.000   20.86%       4.000      5.000


     UNIVARIATE HIGHER-ORDER MOMENT DESCRIPTIVE STATISTICS FOR NOR

         Variable/         Mean/     Skewness/   Minimum/ % with                Percentiles
        Sample Size      Variance    Kurtosis    Maximum  Min/Max      20%/60%    40%/80%    Median

     INCD                  3.460      -0.549       1.000    5.96%       2.000      3.000      4.000
            1342.000       1.292      -0.627       5.000   16.17%       4.000      4.000
     JOBS                  4.040      -0.943       1.000    1.12%       3.000      4.000      4.000
            1342.000       0.937       0.302       5.000   37.03%       4.000      5.000
     BASIC                 3.981      -1.026       1.000    2.31%       3.000      4.000      4.000
            1342.000       1.072       0.394       5.000   35.32%       4.000      5.000


     UNIVARIATE HIGHER-ORDER MOMENT DESCRIPTIVE STATISTICS FOR SWE

         Variable/         Mean/     Skewness/   Minimum/ % with                Percentiles
        Sample Size      Variance    Kurtosis    Maximum  Min/Max      20%/60%    40%/80%    Median

     INCD                  3.298      -0.340       1.000    9.73%       2.000      3.000      4.000
             658.000       1.543      -0.974       5.000   17.33%       4.000      4.000
     JOBS                  3.851      -0.796       1.000    2.28%       3.000      4.000      4.000
             658.000       0.987       0.194       5.000   27.36%       4.000      5.000
     BASIC                 3.087      -0.213       1.000   11.25%       2.000      3.000      3.000
             658.000       1.377      -0.893       5.000   10.03%       4.000      4.000


     UNIVARIATE HIGHER-ORDER MOMENT DESCRIPTIVE STATISTICS FOR USA

         Variable/         Mean/     Skewness/   Minimum/ % with                Percentiles
        Sample Size      Variance    Kurtosis    Maximum  Min/Max      20%/60%    40%/80%    Median

     INCD                  2.924       0.030       1.000   12.80%       2.000      2.000      3.000
            1172.000       1.466      -1.093       5.000    9.39%       3.000      4.000
     JOBS                  3.119      -0.058       1.000   10.49%       2.000      2.000      3.000
            1172.000       1.654      -1.245       5.000   16.30%       4.000      4.000
     BASIC                 2.747       0.247       1.000   18.17%       2.000      2.000      2.000
            1172.000       1.634      -1.136       5.000   10.07%       3.000      4.000


THE MODEL ESTIMATION TERMINATED NORMALLY



MODEL FIT INFORMATION

Number of Free Parameters                       40

Loglikelihood

          H0 Value                      -43780.250
          H1 Value                      -43057.863

Information Criteria

          Akaike (AIC)                   87640.499
          Bayesian (BIC)                 87928.478
          Sample-Size Adjusted BIC       87801.364
            (n* = (n + 2) / 24)

Chi-Square Test of Model Fit

          Value                           1444.773
          Degrees of Freedom                    32
          P-Value                           0.0000

Chi-Square Contribution From Each Group

          AUS                              330.774
          AUT                               75.589
          CAN                              107.398
          GER                              250.143
          NZ                               134.500
          NOR                              449.868
          SWE                               31.061
          USA                               65.439

RMSEA (Root Mean Square Error Of Approximation)

          Estimate                           0.189
          90 Percent C.I.                    0.181  0.197
          Probability RMSEA <= .05           0.000

CFI/TLI

          CFI                                0.790
          TLI                                0.843

Chi-Square Test of Model Fit for the Baseline Model

          Value                           6752.578
          Degrees of Freedom                    24
          P-Value                           0.0000

SRMR (Standardized Root Mean Square Residual)

          Value                              0.151



MODEL RESULTS

                                                    Two-Tailed
                    Estimate       S.E.  Est./S.E.    P-Value

Group AUS

 SCALE    BY
    INCD               0.890      0.013     69.186      0.000
    JOBS               0.778      0.015     50.971      0.000
    BASIC              0.592      0.012     48.448      0.000

 Means
    SCALE              0.000      0.000    999.000    999.000

 Intercepts
    INCD               2.919      0.024    119.487      0.000
    JOBS               2.901      0.025    115.883      0.000
    BASIC              2.910      0.021    139.880      0.000

 Variances
    SCALE              1.000      0.000    999.000    999.000

 Residual Variances
    INCD               0.716      0.020     34.973      0.000
    JOBS               0.606      0.031     19.764      0.000
    BASIC              0.795      0.030     26.360      0.000

Group AUT

 SCALE    BY
    INCD               0.890      0.013     69.186      0.000
    JOBS               0.778      0.015     50.971      0.000
    BASIC              0.592      0.012     48.448      0.000

 Means
    SCALE              0.850      0.052     16.402      0.000

 Intercepts
    INCD               2.919      0.024    119.487      0.000
    JOBS               3.194      0.045     71.545      0.000
    BASIC              2.910      0.021    139.880      0.000

 Variances
    SCALE              1.000      0.000    999.000    999.000

 Residual Variances
    INCD               0.716      0.020     34.973      0.000
    JOBS               0.754      0.049     15.430      0.000
    BASIC              1.320      0.068     19.467      0.000

Group CAN

 SCALE    BY
    INCD               0.890      0.013     69.186      0.000
    JOBS               0.778      0.015     50.971      0.000
    BASIC              0.592      0.012     48.448      0.000

 Means
    SCALE              0.354      0.052      6.788      0.000

 Intercepts
    INCD               2.919      0.024    119.487      0.000
    JOBS               2.736      0.042     64.643      0.000
    BASIC              2.910      0.021    139.880      0.000

 Variances
    SCALE              1.000      0.000    999.000    999.000

 Residual Variances
    INCD               0.716      0.020     34.973      0.000
    JOBS               0.676      0.048     14.108      0.000
    BASIC              1.042      0.057     18.344      0.000

Group GER

 SCALE    BY
    INCD               0.890      0.013     69.186      0.000
    JOBS               0.778      0.015     50.971      0.000
    BASIC              0.592      0.012     48.448      0.000

 Means
    SCALE              0.820      0.042     19.674      0.000

 Intercepts
    INCD               2.919      0.024    119.487      0.000
    JOBS               3.027      0.036     84.902      0.000
    BASIC              2.910      0.021    139.880      0.000

 Variances
    SCALE              1.000      0.000    999.000    999.000

 Residual Variances
    INCD               0.716      0.020     34.973      0.000
    JOBS               0.597      0.032     18.937      0.000
    BASIC              0.892      0.035     25.704      0.000

Group NZ

 SCALE    BY
    INCD               0.890      0.013     69.186      0.000
    JOBS               0.778      0.015     50.971      0.000
    BASIC              0.592      0.012     48.448      0.000

 Means
    SCALE              0.559      0.049     11.359      0.000

 Intercepts
    INCD               2.919      0.024    119.487      0.000
    JOBS               2.873      0.042     67.803      0.000
    BASIC              2.910      0.021    139.880      0.000

 Variances
    SCALE              1.000      0.000    999.000    999.000

 Residual Variances
    INCD               0.716      0.020     34.973      0.000
    JOBS               0.808      0.047     17.156      0.000
    BASIC              1.026      0.050     20.411      0.000

Group NOR

 SCALE    BY
    INCD               0.890      0.013     69.186      0.000
    JOBS               0.778      0.015     50.971      0.000
    BASIC              0.592      0.012     48.448      0.000

 Means
    SCALE              2.481      0.051     48.540      0.000

 Intercepts
    INCD               1.000      0.000    999.000    999.000
    JOBS               2.109      0.050     41.832      0.000
    BASIC              2.910      0.021    139.880      0.000

 Variances
    SCALE              1.000      0.000    999.000    999.000

 Residual Variances
    INCD               0.809      0.054     15.082      0.000
    JOBS               0.393      0.030     13.107      0.000
    BASIC              0.848      0.042     20.317      0.000

Group SWE

 SCALE    BY
    INCD               0.890      0.013     69.186      0.000
    JOBS               0.778      0.015     50.971      0.000
    BASIC              0.592      0.012     48.448      0.000

 Means
    SCALE              0.393      0.057      6.848      0.000

 Intercepts
    INCD               2.919      0.024    119.487      0.000
    JOBS               3.545      0.043     83.256      0.000
    BASIC              2.910      0.021    139.880      0.000

 Variances
    SCALE              1.000      0.000    999.000    999.000

 Residual Variances
    INCD               0.716      0.020     34.973      0.000
    JOBS               0.443      0.040     11.064      0.000
    BASIC              0.938      0.058     16.265      0.000

Group USA

 SCALE    BY
    INCD               0.557      0.024     23.678      0.000
    JOBS               0.778      0.015     50.971      0.000
    BASIC              0.592      0.012     48.448      0.000

 Means
    SCALE             -0.143      0.065     -2.195      0.028

 Intercepts
    INCD               2.919      0.024    119.487      0.000
    JOBS               3.230      0.042     76.601      0.000
    BASIC              2.910      0.021    139.880      0.000

 Variances
    SCALE              2.210      0.137     16.186      0.000

 Residual Variances
    INCD               0.716      0.020     34.973      0.000
    JOBS               0.423      0.042     10.072      0.000
    BASIC              0.701      0.039     18.087      0.000


STANDARDIZED MODEL RESULTS


STDYX Standardization

                                                    Two-Tailed
                    Estimate       S.E.  Est./S.E.    P-Value

Group AUS

 SCALE    BY
    INCD               0.725      0.008     87.959      0.000
    JOBS               0.707      0.013     52.487      0.000
    BASIC              0.553      0.012     47.775      0.000

 Means
    SCALE              0.000      0.000    999.000    999.000

 Intercepts
    INCD               2.378      0.028     84.069      0.000
    JOBS               2.635      0.041     64.979      0.000
    BASIC              2.719      0.047     58.140      0.000

 Variances
    SCALE              1.000      0.000    999.000    999.000

 Residual Variances
    INCD               0.475      0.012     39.769      0.000
    JOBS               0.500      0.019     26.265      0.000
    BASIC              0.694      0.013     54.178      0.000

Group AUT

 SCALE    BY
    INCD               0.725      0.008     87.959      0.000
    JOBS               0.667      0.015     43.543      0.000
    BASIC              0.458      0.012     37.527      0.000

 Means
    SCALE              0.850      0.052     16.402      0.000

 Intercepts
    INCD               2.378      0.028     84.069      0.000
    JOBS               2.739      0.065     42.246      0.000
    BASIC              2.252      0.050     45.454      0.000

 Variances
    SCALE              1.000      0.000    999.000    999.000

 Residual Variances
    INCD               0.475      0.012     39.769      0.000
    JOBS               0.555      0.020     27.123      0.000
    BASIC              0.790      0.011     70.637      0.000

Group CAN

 SCALE    BY
    INCD               0.725      0.008     87.959      0.000
    JOBS               0.687      0.017     41.137      0.000
    BASIC              0.502      0.014     36.168      0.000

 Means
    SCALE              0.354      0.052      6.788      0.000

 Intercepts
    INCD               2.378      0.028     84.069      0.000
    JOBS               2.417      0.057     42.118      0.000
    BASIC              2.466      0.053     46.394      0.000

 Variances
    SCALE              1.000      0.000    999.000    999.000

 Residual Variances
    INCD               0.475      0.012     39.769      0.000
    JOBS               0.527      0.023     22.954      0.000
    BASIC              0.748      0.014     53.756      0.000

Group GER

 SCALE    BY
    INCD               0.725      0.008     87.959      0.000
    JOBS               0.710      0.014     51.807      0.000
    BASIC              0.531      0.012     43.501      0.000

 Means
    SCALE              0.820      0.042     19.674      0.000

 Intercepts
    INCD               2.378      0.028     84.069      0.000
    JOBS               2.760      0.050     55.013      0.000
    BASIC              2.611      0.041     63.815      0.000

 Variances
    SCALE              1.000      0.000    999.000    999.000

 Residual Variances
    INCD               0.475      0.012     39.769      0.000
    JOBS               0.497      0.019     25.550      0.000
    BASIC              0.718      0.013     55.352      0.000

Group NZ

 SCALE    BY
    INCD               0.725      0.008     87.959      0.000
    JOBS               0.655      0.015     44.394      0.000
    BASIC              0.505      0.013     39.205      0.000

 Means
    SCALE              0.559      0.049     11.359      0.000

 Intercepts
    INCD               2.378      0.028     84.069      0.000
    JOBS               2.416      0.054     44.369      0.000
    BASIC              2.480      0.050     49.365      0.000

 Variances
    SCALE              1.000      0.000    999.000    999.000

 Residual Variances
    INCD               0.475      0.012     39.769      0.000
    JOBS               0.572      0.019     29.619      0.000
    BASIC              0.745      0.013     57.388      0.000

Group NOR

 SCALE    BY
    INCD               0.703      0.014     50.329      0.000
    JOBS               0.779      0.015     51.070      0.000
    BASIC              0.541      0.012     45.543      0.000

 Means
    SCALE              2.481      0.051     48.540      0.000

 Intercepts
    INCD               0.791      0.013     60.593      0.000
    JOBS               2.111      0.065     32.431      0.000
    BASIC              2.658      0.053     50.268      0.000

 Variances
    SCALE              1.000      0.000    999.000    999.000

 Residual Variances
    INCD               0.505      0.020     25.711      0.000
    JOBS               0.393      0.024     16.556      0.000
    BASIC              0.708      0.013     55.091      0.000

Group SWE

 SCALE    BY
    INCD               0.725      0.008     87.959      0.000
    JOBS               0.760      0.017     43.878      0.000
    BASIC              0.521      0.015     35.504      0.000

 Means
    SCALE              0.393      0.057      6.848      0.000

 Intercepts
    INCD               2.378      0.028     84.069      0.000
    JOBS               3.461      0.081     42.890      0.000
    BASIC              2.563      0.061     41.721      0.000

 Variances
    SCALE              1.000      0.000    999.000    999.000

 Residual Variances
    INCD               0.475      0.012     39.769      0.000
    JOBS               0.423      0.026     16.057      0.000
    BASIC              0.728      0.015     47.527      0.000

Group USA

 SCALE    BY
    INCD               0.700      0.016     42.913      0.000
    JOBS               0.872      0.013     67.068      0.000
    BASIC              0.724      0.016     44.868      0.000

 Means
    SCALE             -0.096      0.044     -2.208      0.027

 Intercepts
    INCD               2.465      0.054     45.462      0.000
    JOBS               2.434      0.059     41.309      0.000
    BASIC              2.396      0.048     50.354      0.000

 Variances
    SCALE              1.000      0.000    999.000    999.000

 Residual Variances
    INCD               0.510      0.023     22.367      0.000
    JOBS               0.240      0.023     10.602      0.000
    BASIC              0.475      0.023     20.310      0.000


R-SQUARE

Group AUS

    Observed                                        Two-Tailed
    Variable        Estimate       S.E.  Est./S.E.    P-Value

    INCD               0.525      0.012     43.979      0.000
    JOBS               0.500      0.019     26.244      0.000
    BASIC              0.306      0.013     23.888      0.000

Group AUT

    Observed                                        Two-Tailed
    Variable        Estimate       S.E.  Est./S.E.    P-Value

    INCD               0.525      0.012     43.979      0.000
    JOBS               0.445      0.020     21.772      0.000
    BASIC              0.210      0.011     18.763      0.000

Group CAN

    Observed                                        Two-Tailed
    Variable        Estimate       S.E.  Est./S.E.    P-Value

    INCD               0.525      0.012     43.979      0.000
    JOBS               0.473      0.023     20.569      0.000
    BASIC              0.252      0.014     18.084      0.000

Group GER

    Observed                                        Two-Tailed
    Variable        Estimate       S.E.  Est./S.E.    P-Value

    INCD               0.525      0.012     43.979      0.000
    JOBS               0.503      0.019     25.903      0.000
    BASIC              0.282      0.013     21.751      0.000

Group NZ

    Observed                                        Two-Tailed
    Variable        Estimate       S.E.  Est./S.E.    P-Value

    INCD               0.525      0.012     43.979      0.000
    JOBS               0.428      0.019     22.197      0.000
    BASIC              0.255      0.013     19.603      0.000

Group NOR

    Observed                                        Two-Tailed
    Variable        Estimate       S.E.  Est./S.E.    P-Value

    INCD               0.495      0.020     25.165      0.000
    JOBS               0.607      0.024     25.535      0.000
    BASIC              0.292      0.013     22.771      0.000

Group SWE

    Observed                                        Two-Tailed
    Variable        Estimate       S.E.  Est./S.E.    P-Value

    INCD               0.525      0.012     43.979      0.000
    JOBS               0.577      0.026     21.939      0.000
    BASIC              0.272      0.015     17.752      0.000

Group USA

    Observed                                        Two-Tailed
    Variable        Estimate       S.E.  Est./S.E.    P-Value

    INCD               0.490      0.023     21.456      0.000
    JOBS               0.760      0.023     33.534      0.000
    BASIC              0.525      0.023     22.434      0.000


QUALITY OF NUMERICAL RESULTS

     Condition Number for the Information Matrix              0.161E-02
       (ratio of smallest to largest eigenvalue)


MODEL MODIFICATION INDICES

NOTE:  Modification indices for direct effects of observed dependent variables
regressed on covariates may not be included.  To include these, request
MODINDICES (ALL).

Minimum M.I. value for printing the modification index     4.000

                                   M.I.     E.P.C.  Std E.P.C.  StdYX E.P.C.
Group AUS


BY Statements

SCALE    BY INCD                  53.613    -0.171     -0.171       -0.140
SCALE    BY JOBS                   9.857     0.075      0.075        0.068
SCALE    BY BASIC                120.675     0.267      0.267        0.250

ON/BY Statements

SCALE    ON SCALE    /
SCALE    BY SCALE                  4.536     0.054      0.054        0.054

WITH Statements

JOBS     WITH INCD                31.291    -0.143     -0.143       -0.218
BASIC    WITH JOBS               134.631     0.267      0.267        0.385

Variances/Residual Variances

SCALE                              4.536     0.109      0.109        0.109

Means/Intercepts/Thresholds

[ BASIC    ]                     279.406     0.229      0.229        0.214
[ SCALE    ]                     524.327     1.605      1.605        1.605

Group AUT


BY Statements

SCALE    BY JOBS                   8.877    -0.126     -0.126       -0.108
SCALE    BY BASIC                 18.282    -0.147     -0.147       -0.114

ON/BY Statements

SCALE    ON SCALE    /
SCALE    BY SCALE                 24.760    -0.181     -0.181       -0.181

WITH Statements

JOBS     WITH INCD                22.339    -0.189     -0.189       -0.257
BASIC    WITH INCD                 6.526    -0.113     -0.113       -0.116
BASIC    WITH JOBS                 8.224     0.122      0.122        0.122

Variances/Residual Variances

SCALE                             24.757    -0.362     -0.362       -0.362

Means/Intercepts/Thresholds

[ INCD     ]                      37.957     0.394      0.394        0.321
[ BASIC    ]                      37.958    -0.262     -0.262       -0.203

Group CAN


BY Statements

SCALE    BY INCD                   6.666    -0.095     -0.095       -0.078
SCALE    BY JOBS                  47.746     0.284      0.284        0.251
SCALE    BY BASIC                 68.201     0.338      0.338        0.287

ON/BY Statements

SCALE    ON SCALE    /
SCALE    BY SCALE                 41.858     0.237      0.237        0.237

WITH Statements

BASIC    WITH JOBS                71.531     0.324      0.324        0.386

Variances/Residual Variances

INCD                               7.782    -0.141     -0.141       -0.093
SCALE                             41.859     0.473      0.473        0.473

Group GER


BY Statements

SCALE    BY INCD                  90.362    -0.202     -0.202       -0.165
SCALE    BY BASIC                130.806     0.229      0.229        0.206

WITH Statements

JOBS     WITH INCD                59.464    -0.205     -0.205       -0.313
BASIC    WITH JOBS               149.863     0.301      0.301        0.412

Variances/Residual Variances

INCD                               7.919    -0.090     -0.090       -0.060

Means/Intercepts/Thresholds

[ INCD     ]                       4.358    -0.083     -0.083       -0.068
[ BASIC    ]                       4.360     0.055      0.055        0.049

Group NZ


BY Statements

SCALE    BY INCD                  32.759    -0.178     -0.178       -0.145
SCALE    BY BASIC                 68.795     0.272      0.272        0.232

WITH Statements

JOBS     WITH INCD                11.688    -0.126     -0.126       -0.165
BASIC    WITH INCD                 6.202    -0.091     -0.091       -0.106
BASIC    WITH JOBS                43.345     0.235      0.235        0.258

Means/Intercepts/Thresholds

[ INCD     ]                     102.669    -0.540     -0.540       -0.440
[ BASIC    ]                     102.712     0.344      0.344        0.293

Group NOR


BY Statements

SCALE    BY INCD                 493.720     0.391      0.391        0.309
SCALE    BY BASIC                710.831    -0.296     -0.296       -0.271

ON/BY Statements

SCALE    ON SCALE    /
SCALE    BY SCALE                 11.139    -0.097     -0.097       -0.097

WITH Statements

JOBS     WITH INCD                27.846    -0.182     -0.182       -0.323
BASIC    WITH INCD                 6.559    -0.084     -0.084       -0.101
BASIC    WITH JOBS                26.271     0.135      0.135        0.233

Variances/Residual Variances

SCALE                             11.144    -0.195     -0.195       -0.195

Means/Intercepts/Thresholds

[ INCD     ]                     863.729     2.061      2.061        1.629
[ BASIC    ]                     863.524    -1.221     -1.221       -1.115

Group SWE


BY Statements

SCALE    BY JOBS                   4.005    -0.081     -0.081       -0.079

WITH Statements

JOBS     WITH INCD                23.701    -0.187     -0.187       -0.332
BASIC    WITH JOBS                17.695     0.155      0.155        0.241

Variances/Residual Variances

INCD                              11.443     0.186      0.186        0.123

Group USA


BY Statements

SCALE    BY JOBS                  58.323    -0.273     -0.406       -0.306
SCALE    BY BASIC                 58.355     0.203      0.301        0.248

WITH Statements

JOBS     WITH INCD                43.010    -0.225     -0.225       -0.410
BASIC    WITH INCD                22.372     0.158      0.158        0.223
BASIC    WITH JOBS                 4.675     0.139      0.139        0.255

Variances/Residual Variances

INCD                               8.311     0.094      0.094        0.067

Means/Intercepts/Thresholds

[ INCD     ]                      28.350     0.164      0.164        0.139
[ BASIC    ]                      28.348    -0.213     -0.213       -0.175



DIAGRAM INFORMATION

  Use View Diagram under the Diagram menu in the Mplus Editor to view the diagram.
  If running Mplus from the Mplus Diagrammer, the diagram opens automatically.

  Diagram output
    c:\github\svallfors-1997-replication\svallfors2c.dgm

     Beginning Time:  12:28:46
        Ending Time:  12:28:46
       Elapsed Time:  00:00:00



MUTHEN & MUTHEN
3463 Stoner Ave.
Los Angeles, CA  90066

Tel: (310) 391-9971
Fax: (310) 391-8971
Web: www.StatModel.com
Support: Support@StatModel.com

Copyright (c) 1998-2018 Muthen & Muthen
