Mplus VERSION 8.2
MUTHEN & MUTHEN
03/06/2020  12:15 PM

INPUT INSTRUCTIONS

  TITLE: This model includes fixed factor loadings by group
  and intercepts for jobs allowed to vary other two fixed,
  , but means allowed to vary by group;
  DATA: FILE = svallfors.dat;
  VARIABLE:
      NAMES = row incd jobs basic incd3 jobs3
          basic3 country male age edyrs;
      !MISSING=.;
      USEVARIABLES = incd3 jobs3 basic3;
        GROUPING is country (752=Swe,578=Nor,276=Ger,40=Aut,
          36=Aus,554=NZ,124=Can,840=USA);

  ANALYSIS:
      TYPE = general;
  MODEL:
      scale BY incd3(a);
      scale BY jobs3(b);
      scale BY basic3(c);
      jobs3*;
      incd3*;
      [jobs3*];

  Model Swe:
      scale BY incd3(a);
      scale BY jobs3(b);
      scale BY basic3(c);
      jobs3(j1);
      incd3(i);
      scale@1;

  Model Nor:
      scale BY incd3(a);
      scale BY jobs3(b);
      scale BY basic3(c);
      jobs3(j2);
      [incd3@1];
      scale@1;

  Model Ger:
      scale BY incd3(a);
      scale BY jobs3(b);
      scale BY basic3(c);
      jobs3(j3);
      incd3(i);
      scale@1;

  Model Aut:
      scale BY incd3(a);
      scale BY jobs3(b);
      scale BY basic3(c);
      jobs3(j4);
      incd3(i);
      scale@1;

  Model Aus:
      scale BY incd3(a);
      scale BY jobs3(b);
      scale BY basic3(c);
      jobs3(j5);
      incd3(i);
      scale@1;

  Model NZ:
      scale BY incd3(a);
      scale BY jobs3(b);
      scale BY basic3(c);
      jobs3(j6);
      incd3(i);
      scale@1;

  Model Can:
      scale BY incd3(a);
      scale BY jobs3(b);
      scale BY basic3(c);
      jobs3(j7);
      incd3(i);
      scale@1;

  Model USA:
      scale BY incd3*;
      scale BY jobs3(b);
      scale BY basic3(c);
      jobs3(j8);
      incd3(i);
      scale*;

  OUTPUT:

  STDYX; MODINDICES(4);



INPUT READING TERMINATED NORMALLY



This model includes fixed factor loadings by group
and intercepts for jobs allowed to vary other two fixed,
, but means allowed to vary by group;

SUMMARY OF ANALYSIS

Number of groups                                                 8
Number of observations
   Group AUS                                                  1979
   Group AUT                                                   918
   Group CAN                                                   866
   Group GER                                                  1840
   Group NZ                                                   1117
   Group NOR                                                  1342
   Group SWE                                                   658
   Group USA                                                  1172
   Total sample size                                          9892

Number of dependent variables                                    3
Number of independent variables                                  0
Number of continuous latent variables                            1

Observed dependent variables

  Continuous
   INCD3       JOBS3       BASIC3

Continuous latent variables
   SCALE

Variables with special functions

  Grouping variable     COUNTRY

Estimator                                                       ML
Information matrix                                        OBSERVED
Maximum number of iterations                                  1000
Convergence criterion                                    0.500D-04
Maximum number of steepest descent iterations                   20

Input data file(s)
  svallfors.dat

Input data format  FREE



UNIVARIATE SAMPLE STATISTICS


     UNIVARIATE HIGHER-ORDER MOMENT DESCRIPTIVE STATISTICS FOR AUS

         Variable/         Mean/     Skewness/   Minimum/ % with                Percentiles
        Sample Size      Variance    Kurtosis    Maximum  Min/Max      20%/60%    40%/80%    Median

     INCD3                 1.045      -0.088       0.000   37.75%       0.000      1.000      1.000
            1979.000       0.798      -1.741       2.000   42.24%       2.000      2.000
     JOBS3                 1.002      -0.003       0.000   38.86%       0.000      1.000      1.000
            1979.000       0.779      -1.716       2.000   39.01%       1.000      2.000
     BASIC3                1.194      -0.386       0.000   30.87%       0.000      1.000      2.000
            1979.000       0.774      -1.598       2.000   50.23%       2.000      2.000


     UNIVARIATE HIGHER-ORDER MOMENT DESCRIPTIVE STATISTICS FOR AUT

         Variable/         Mean/     Skewness/   Minimum/ % with                Percentiles
        Sample Size      Variance    Kurtosis    Maximum  Min/Max      20%/60%    40%/80%    Median

     INCD3                 1.513      -1.177       0.000   17.97%       1.000      2.000      2.000
             918.000       0.609      -0.334       2.000   69.28%       2.000      2.000
     JOBS3                 1.585      -1.404       0.000   13.62%       1.000      2.000      2.000
             918.000       0.515       0.382       2.000   72.11%       2.000      2.000
     BASIC3                1.192      -0.384       0.000   31.92%       0.000      1.000      2.000
             918.000       0.793      -1.630       2.000   51.09%       2.000      2.000


     UNIVARIATE HIGHER-ORDER MOMENT DESCRIPTIVE STATISTICS FOR CAN

         Variable/         Mean/     Skewness/   Minimum/ % with                Percentiles
        Sample Size      Variance    Kurtosis    Maximum  Min/Max      20%/60%    40%/80%    Median

     INCD3                 1.157      -0.310       0.000   31.52%       0.000      1.000      1.000
             866.000       0.763      -1.619       2.000   47.23%       2.000      2.000
     JOBS3                 0.971       0.057       0.000   41.80%       0.000      0.000      1.000
             866.000       0.806      -1.757       2.000   38.91%       1.000      2.000
     BASIC3                1.082      -0.163       0.000   39.49%       0.000      1.000      1.000
             866.000       0.865      -1.824       2.000   47.69%       2.000      2.000


     UNIVARIATE HIGHER-ORDER MOMENT DESCRIPTIVE STATISTICS FOR GER

         Variable/         Mean/     Skewness/   Minimum/ % with                Percentiles
        Sample Size      Variance    Kurtosis    Maximum  Min/Max      20%/60%    40%/80%    Median

     INCD3                 1.471      -1.048       0.000   19.35%       1.000      2.000      2.000
            1840.000       0.636      -0.617       2.000   66.41%       2.000      2.000
     JOBS3                 1.485      -1.087       0.000   18.26%       1.000      2.000      2.000
            1840.000       0.615      -0.504       2.000   66.79%       2.000      2.000
     BASIC3                1.312      -0.649       0.000   27.34%       0.000      1.000      2.000
            1840.000       0.761      -1.374       2.000   58.53%       2.000      2.000


     UNIVARIATE HIGHER-ORDER MOMENT DESCRIPTIVE STATISTICS FOR NZ

         Variable/         Mean/     Skewness/   Minimum/ % with                Percentiles
        Sample Size      Variance    Kurtosis    Maximum  Min/Max      20%/60%    40%/80%    Median

     INCD3                 1.218      -0.439       0.000   31.07%       0.000      1.000      2.000
            1117.000       0.792      -1.594       2.000   52.82%       2.000      2.000
     JOBS3                 1.167      -0.333       0.000   32.50%       0.000      1.000      1.000
            1117.000       0.789      -1.651       2.000   49.24%       2.000      2.000
     BASIC3                1.337      -0.708       0.000   26.77%       0.000      2.000      2.000
            1117.000       0.759      -1.309       2.000   60.43%       2.000      2.000


     UNIVARIATE HIGHER-ORDER MOMENT DESCRIPTIVE STATISTICS FOR NOR

         Variable/         Mean/     Skewness/   Minimum/ % with                Percentiles
        Sample Size      Variance    Kurtosis    Maximum  Min/Max      20%/60%    40%/80%    Median

     INCD3                 1.358      -0.752       0.000   24.07%       0.000      1.000      2.000
            1342.000       0.711      -1.176       2.000   59.84%       2.000      2.000
     JOBS3                 1.681      -1.801       0.000    9.69%       1.000      2.000      2.000
            1342.000       0.411       1.788       2.000   77.79%       2.000      2.000
     BASIC3                1.651      -1.693       0.000   12.74%       1.000      2.000      2.000
            1342.000       0.482       1.201       2.000   77.87%       2.000      2.000


     UNIVARIATE HIGHER-ORDER MOMENT DESCRIPTIVE STATISTICS FOR SWE

         Variable/         Mean/     Skewness/   Minimum/ % with                Percentiles
        Sample Size      Variance    Kurtosis    Maximum  Min/Max      20%/60%    40%/80%    Median

     INCD3                 1.222      -0.447       0.000   29.94%       0.000      1.000      2.000
             658.000       0.771      -1.557       2.000   52.13%       2.000      2.000
     JOBS3                 1.600      -1.427       0.000   11.09%       1.000      2.000      2.000
             658.000       0.462       0.605       2.000   71.12%       2.000      2.000
     BASIC3                1.099      -0.191       0.000   32.37%       0.000      1.000      1.000
             658.000       0.736      -1.616       2.000   42.25%       2.000      2.000


     UNIVARIATE HIGHER-ORDER MOMENT DESCRIPTIVE STATISTICS FOR USA

         Variable/         Mean/     Skewness/   Minimum/ % with                Percentiles
        Sample Size      Variance    Kurtosis    Maximum  Min/Max      20%/60%    40%/80%    Median

     INCD3                 0.958       0.082       0.000   42.41%       0.000      0.000      1.000
            1172.000       0.805      -1.752       2.000   38.23%       1.000      2.000
     JOBS3                 1.061      -0.120       0.000   40.19%       0.000      0.000      1.000
            1172.000       0.861      -1.827       2.000   46.25%       2.000      2.000
     BASIC3                0.828       0.344       0.000   51.11%       0.000      0.000      0.000
            1172.000       0.821      -1.694       2.000   33.96%       1.000      2.000


THE MODEL ESTIMATION TERMINATED NORMALLY



MODEL FIT INFORMATION

Number of Free Parameters                       40

Loglikelihood

          H0 Value                      -34599.857
          H1 Value                      -34353.275

Information Criteria

          Akaike (AIC)                   69279.714
          Bayesian (BIC)                 69567.693
          Sample-Size Adjusted BIC       69440.579
            (n* = (n + 2) / 24)

Chi-Square Test of Model Fit

          Value                            493.163
          Degrees of Freedom                    32
          P-Value                           0.0000

Chi-Square Contribution From Each Group

          AUS                              120.500
          AUT                              109.808
          CAN                               35.405
          GER                               88.960
          NZ                                34.385
          NOR                               90.662
          SWE                                9.637
          USA                                3.804

RMSEA (Root Mean Square Error Of Approximation)

          Estimate                           0.108
          90 Percent C.I.                    0.100  0.116
          Probability RMSEA <= .05           0.000

CFI/TLI

          CFI                                0.907
          TLI                                0.931

Chi-Square Test of Model Fit for the Baseline Model

          Value                           5002.847
          Degrees of Freedom                    24
          P-Value                           0.0000

SRMR (Standardized Root Mean Square Residual)

          Value                              0.112



MODEL RESULTS

                                                    Two-Tailed
                    Estimate       S.E.  Est./S.E.    P-Value

Group AUS

 SCALE    BY
    INCD3              0.495      0.010     48.118      0.000
    JOBS3              0.537      0.010     54.016      0.000
    BASIC3             0.540      0.010     54.393      0.000

 Means
    SCALE              0.000      0.000    999.000    999.000

 Intercepts
    INCD3              1.193      0.014     82.644      0.000
    JOBS3              1.026      0.018     55.885      0.000
    BASIC3             1.155      0.015     78.005      0.000

 Variances
    SCALE              1.000      0.000    999.000    999.000

 Residual Variances
    INCD3              0.487      0.010     48.528      0.000
    JOBS3              0.414      0.019     22.296      0.000
    BASIC3             0.427      0.019     22.778      0.000

Group AUT

 SCALE    BY
    INCD3              0.495      0.010     48.118      0.000
    JOBS3              0.537      0.010     54.016      0.000
    BASIC3             0.540      0.010     54.393      0.000

 Means
    SCALE              0.371      0.055      6.734      0.000

 Intercepts
    INCD3              1.193      0.014     82.644      0.000
    JOBS3              1.386      0.030     46.092      0.000
    BASIC3             1.155      0.015     78.005      0.000

 Variances
    SCALE              1.000      0.000    999.000    999.000

 Residual Variances
    INCD3              0.487      0.010     48.528      0.000
    JOBS3              0.304      0.022     13.883      0.000
    BASIC3             0.631      0.036     17.393      0.000

Group CAN

 SCALE    BY
    INCD3              0.495      0.010     48.118      0.000
    JOBS3              0.537      0.010     54.016      0.000
    BASIC3             0.540      0.010     54.393      0.000

 Means
    SCALE             -0.106      0.054     -1.972      0.049

 Intercepts
    INCD3              1.193      0.014     82.644      0.000
    JOBS3              1.028      0.031     33.235      0.000
    BASIC3             1.155      0.015     78.005      0.000

 Variances
    SCALE              1.000      0.000    999.000    999.000

 Residual Variances
    INCD3              0.487      0.010     48.528      0.000
    JOBS3              0.396      0.027     14.854      0.000
    BASIC3             0.486      0.030     16.037      0.000

Group GER

 SCALE    BY
    INCD3              0.495      0.010     48.118      0.000
    JOBS3              0.537      0.010     54.016      0.000
    BASIC3             0.540      0.010     54.393      0.000

 Means
    SCALE              0.404      0.042      9.707      0.000

 Intercepts
    INCD3              1.193      0.014     82.644      0.000
    JOBS3              1.268      0.023     54.873      0.000
    BASIC3             1.155      0.015     78.005      0.000

 Variances
    SCALE              1.000      0.000    999.000    999.000

 Residual Variances
    INCD3              0.487      0.010     48.528      0.000
    JOBS3              0.319      0.016     19.994      0.000
    BASIC3             0.415      0.019     22.014      0.000

Group NZ

 SCALE    BY
    INCD3              0.495      0.010     48.118      0.000
    JOBS3              0.537      0.010     54.016      0.000
    BASIC3             0.540      0.010     54.393      0.000

 Means
    SCALE              0.206      0.050      4.141      0.000

 Intercepts
    INCD3              1.193      0.014     82.644      0.000
    JOBS3              1.057      0.030     35.538      0.000
    BASIC3             1.155      0.015     78.005      0.000

 Variances
    SCALE              1.000      0.000    999.000    999.000

 Residual Variances
    INCD3              0.487      0.010     48.528      0.000
    JOBS3              0.477      0.027     17.818      0.000
    BASIC3             0.491      0.027     17.925      0.000

Group NOR

 SCALE    BY
    INCD3              0.495      0.010     48.118      0.000
    JOBS3              0.537      0.010     54.016      0.000
    BASIC3             0.540      0.010     54.393      0.000

 Means
    SCALE              0.853      0.042     20.314      0.000

 Intercepts
    INCD3              1.000      0.000    999.000    999.000
    JOBS3              1.223      0.023     53.296      0.000
    BASIC3             1.155      0.015     78.005      0.000

 Variances
    SCALE              1.000      0.000    999.000    999.000

 Residual Variances
    INCD3              0.487      0.022     21.992      0.000
    JOBS3              0.220      0.014     15.234      0.000
    BASIC3             0.297      0.017     17.492      0.000

Group SWE

 SCALE    BY
    INCD3              0.495      0.010     48.118      0.000
    JOBS3              0.537      0.010     54.016      0.000
    BASIC3             0.540      0.010     54.393      0.000

 Means
    SCALE             -0.029      0.060     -0.491      0.623

 Intercepts
    INCD3              1.193      0.014     82.644      0.000
    JOBS3              1.616      0.030     53.841      0.000
    BASIC3             1.155      0.015     78.005      0.000

 Variances
    SCALE              1.000      0.000    999.000    999.000

 Residual Variances
    INCD3              0.487      0.010     48.528      0.000
    JOBS3              0.202      0.020     10.245      0.000
    BASIC3             0.483      0.033     14.682      0.000

Group USA

 SCALE    BY
    INCD3              0.429      0.019     23.085      0.000
    JOBS3              0.537      0.010     54.016      0.000
    BASIC3             0.540      0.010     54.393      0.000

 Means
    SCALE             -0.588      0.056    -10.566      0.000

 Intercepts
    INCD3              1.193      0.014     82.644      0.000
    JOBS3              1.376      0.028     49.828      0.000
    BASIC3             1.155      0.015     78.005      0.000

 Variances
    SCALE              1.797      0.110     16.370      0.000

 Residual Variances
    INCD3              0.487      0.010     48.528      0.000
    JOBS3              0.345      0.023     15.031      0.000
    BASIC3             0.301      0.022     13.824      0.000


STANDARDIZED MODEL RESULTS


STDYX Standardization

                                                    Two-Tailed
                    Estimate       S.E.  Est./S.E.    P-Value

Group AUS

 SCALE    BY
    INCD3              0.579      0.010     56.873      0.000
    JOBS3              0.641      0.013     50.787      0.000
    BASIC3             0.637      0.012     52.188      0.000

 Means
    SCALE              0.000      0.000    999.000    999.000

 Intercepts
    INCD3              1.394      0.019     72.044      0.000
    JOBS3              1.225      0.027     45.467      0.000
    BASIC3             1.362      0.026     52.007      0.000

 Variances
    SCALE              1.000      0.000    999.000    999.000

 Residual Variances
    INCD3              0.665      0.012     56.410      0.000
    JOBS3              0.589      0.016     36.419      0.000
    BASIC3             0.594      0.016     38.237      0.000

Group AUT

 SCALE    BY
    INCD3              0.579      0.010     56.873      0.000
    JOBS3              0.698      0.016     44.332      0.000
    BASIC3             0.562      0.014     41.162      0.000

 Means
    SCALE              0.371      0.055      6.734      0.000

 Intercepts
    INCD3              1.394      0.019     72.044      0.000
    JOBS3              1.801      0.052     34.829      0.000
    BASIC3             1.202      0.028     42.212      0.000

 Variances
    SCALE              1.000      0.000    999.000    999.000

 Residual Variances
    INCD3              0.665      0.012     56.410      0.000
    JOBS3              0.513      0.022     23.347      0.000
    BASIC3             0.684      0.015     44.602      0.000

Group CAN

 SCALE    BY
    INCD3              0.579      0.010     56.873      0.000
    JOBS3              0.649      0.016     40.724      0.000
    BASIC3             0.612      0.015     40.994      0.000

 Means
    SCALE             -0.106      0.054     -1.972      0.049

 Intercepts
    INCD3              1.394      0.019     72.044      0.000
    JOBS3              1.242      0.044     28.145      0.000
    BASIC3             1.310      0.031     42.905      0.000

 Variances
    SCALE              1.000      0.000    999.000    999.000

 Residual Variances
    INCD3              0.665      0.012     56.410      0.000
    JOBS3              0.579      0.021     27.988      0.000
    BASIC3             0.625      0.018     34.162      0.000

Group GER

 SCALE    BY
    INCD3              0.579      0.010     56.873      0.000
    JOBS3              0.689      0.013     53.548      0.000
    BASIC3             0.642      0.013     51.311      0.000

 Means
    SCALE              0.404      0.042      9.707      0.000

 Intercepts
    INCD3              1.394      0.019     72.044      0.000
    JOBS3              1.627      0.037     43.732      0.000
    BASIC3             1.373      0.025     54.084      0.000

 Variances
    SCALE              1.000      0.000    999.000    999.000

 Residual Variances
    INCD3              0.665      0.012     56.410      0.000
    JOBS3              0.525      0.018     29.614      0.000
    BASIC3             0.588      0.016     36.572      0.000

Group NZ

 SCALE    BY
    INCD3              0.579      0.010     56.873      0.000
    JOBS3              0.614      0.014     43.677      0.000
    BASIC3             0.610      0.014     44.409      0.000

 Means
    SCALE              0.206      0.050      4.141      0.000

 Intercepts
    INCD3              1.394      0.019     72.044      0.000
    JOBS3              1.208      0.040     30.056      0.000
    BASIC3             1.305      0.029     45.382      0.000

 Variances
    SCALE              1.000      0.000    999.000    999.000

 Residual Variances
    INCD3              0.665      0.012     56.410      0.000
    JOBS3              0.623      0.017     36.146      0.000
    BASIC3             0.628      0.017     37.417      0.000

Group NOR

 SCALE    BY
    INCD3              0.579      0.013     45.619      0.000
    JOBS3              0.753      0.014     55.575      0.000
    BASIC3             0.703      0.013     53.442      0.000

 Means
    SCALE              0.853      0.042     20.314      0.000

 Intercepts
    INCD3              1.168      0.018     63.698      0.000
    JOBS3              1.715      0.044     38.965      0.000
    BASIC3             1.505      0.031     48.293      0.000

 Variances
    SCALE              1.000      0.000    999.000    999.000

 Residual Variances
    INCD3              0.665      0.015     45.295      0.000
    JOBS3              0.433      0.020     21.192      0.000
    BASIC3             0.505      0.019     27.282      0.000

Group SWE

 SCALE    BY
    INCD3              0.579      0.010     56.873      0.000
    JOBS3              0.767      0.018     43.089      0.000
    BASIC3             0.613      0.015     39.680      0.000

 Means
    SCALE             -0.029      0.060     -0.491      0.623

 Intercepts
    INCD3              1.394      0.019     72.044      0.000
    JOBS3              2.308      0.063     36.473      0.000
    BASIC3             1.312      0.033     39.552      0.000

 Variances
    SCALE              1.000      0.000    999.000    999.000

 Residual Variances
    INCD3              0.665      0.012     56.410      0.000
    JOBS3              0.412      0.027     15.090      0.000
    BASIC3             0.624      0.019     32.907      0.000

Group USA

 SCALE    BY
    INCD3              0.636      0.017     37.755      0.000
    JOBS3              0.775      0.016     49.676      0.000
    BASIC3             0.797      0.015     52.014      0.000

 Means
    SCALE             -0.438      0.042    -10.405      0.000

 Intercepts
    INCD3              1.319      0.027     48.132      0.000
    JOBS3              1.481      0.040     36.812      0.000
    BASIC3             1.271      0.030     42.226      0.000

 Variances
    SCALE              1.000      0.000    999.000    999.000

 Residual Variances
    INCD3              0.595      0.021     27.726      0.000
    JOBS3              0.400      0.024     16.545      0.000
    BASIC3             0.365      0.024     14.954      0.000


R-SQUARE

Group AUS

    Observed                                        Two-Tailed
    Variable        Estimate       S.E.  Est./S.E.    P-Value

    INCD3              0.335      0.012     28.436      0.000
    JOBS3              0.411      0.016     25.393      0.000
    BASIC3             0.406      0.016     26.094      0.000

Group AUT

    Observed                                        Two-Tailed
    Variable        Estimate       S.E.  Est./S.E.    P-Value

    INCD3              0.335      0.012     28.436      0.000
    JOBS3              0.487      0.022     22.166      0.000
    BASIC3             0.316      0.015     20.581      0.000

Group CAN

    Observed                                        Two-Tailed
    Variable        Estimate       S.E.  Est./S.E.    P-Value

    INCD3              0.335      0.012     28.436      0.000
    JOBS3              0.421      0.021     20.362      0.000
    BASIC3             0.375      0.018     20.497      0.000

Group GER

    Observed                                        Two-Tailed
    Variable        Estimate       S.E.  Est./S.E.    P-Value

    INCD3              0.335      0.012     28.436      0.000
    JOBS3              0.475      0.018     26.774      0.000
    BASIC3             0.412      0.016     25.656      0.000

Group NZ

    Observed                                        Two-Tailed
    Variable        Estimate       S.E.  Est./S.E.    P-Value

    INCD3              0.335      0.012     28.436      0.000
    JOBS3              0.377      0.017     21.839      0.000
    BASIC3             0.372      0.017     22.205      0.000

Group NOR

    Observed                                        Two-Tailed
    Variable        Estimate       S.E.  Est./S.E.    P-Value

    INCD3              0.335      0.015     22.810      0.000
    JOBS3              0.567      0.020     27.788      0.000
    BASIC3             0.495      0.019     26.721      0.000

Group SWE

    Observed                                        Two-Tailed
    Variable        Estimate       S.E.  Est./S.E.    P-Value

    INCD3              0.335      0.012     28.436      0.000
    JOBS3              0.588      0.027     21.544      0.000
    BASIC3             0.376      0.019     19.840      0.000

Group USA

    Observed                                        Two-Tailed
    Variable        Estimate       S.E.  Est./S.E.    P-Value

    INCD3              0.405      0.021     18.878      0.000
    JOBS3              0.600      0.024     24.838      0.000
    BASIC3             0.635      0.024     26.007      0.000


QUALITY OF NUMERICAL RESULTS

     Condition Number for the Information Matrix              0.270E-02
       (ratio of smallest to largest eigenvalue)


MODEL MODIFICATION INDICES

NOTE:  Modification indices for direct effects of observed dependent variables
regressed on covariates may not be included.  To include these, request
MODINDICES (ALL).

Minimum M.I. value for printing the modification index     4.000

                                   M.I.     E.P.C.  Std E.P.C.  StdYX E.P.C.
Group AUS


BY Statements

SCALE    BY INCD3                  5.865     0.045      0.045        0.053
SCALE    BY JOBS3                 27.225     0.111      0.111        0.133
SCALE    BY BASIC3                 7.660     0.060      0.060        0.070

ON/BY Statements

SCALE    ON SCALE    /
SCALE    BY SCALE                 37.844     0.173      0.173        0.173

WITH Statements

BASIC3   WITH INCD3                4.039    -0.030     -0.030       -0.066
BASIC3   WITH JOBS3               26.153     0.081      0.081        0.193

Variances/Residual Variances

INCD3                              9.933     0.053      0.053        0.072
SCALE                             37.844     0.347      0.347        0.347

Means/Intercepts/Thresholds

[ INCD3    ]                     133.265    -0.139     -0.139       -0.162
[ BASIC3   ]                      48.058     0.078      0.078        0.091
[ SCALE    ]                      30.603    -0.335     -0.335       -0.335

Group AUT


BY Statements

SCALE    BY JOBS3                  8.967    -0.093     -0.093       -0.121
SCALE    BY BASIC3                37.510    -0.213     -0.213       -0.222

ON/BY Statements

SCALE    ON SCALE    /
SCALE    BY SCALE                 31.938    -0.219     -0.219       -0.219

WITH Statements

JOBS3    WITH INCD3                4.437    -0.040     -0.040       -0.103
BASIC3   WITH INCD3                4.252    -0.048     -0.048       -0.087

Variances/Residual Variances

SCALE                             31.935    -0.439     -0.439       -0.439

Means/Intercepts/Thresholds

[ INCD3    ]                      81.761     0.296      0.296        0.346
[ BASIC3   ]                      81.795    -0.338     -0.338       -0.352

Group CAN


BY Statements

SCALE    BY JOBS3                 31.540     0.191      0.191        0.231
SCALE    BY BASIC3                 7.524     0.098      0.098        0.111

ON/BY Statements

SCALE    ON SCALE    /
SCALE    BY SCALE                 31.399     0.224      0.224        0.224

WITH Statements

JOBS3    WITH INCD3               13.654     0.077      0.077        0.175
BASIC3   WITH JOBS3                7.737     0.065      0.065        0.148

Variances/Residual Variances

SCALE                             31.399     0.449      0.449        0.449

Group GER


BY Statements

SCALE    BY BASIC3                 7.068     0.053      0.053        0.063

WITH Statements

JOBS3    WITH INCD3                8.277    -0.040     -0.040       -0.101
BASIC3   WITH INCD3                9.650     0.047      0.047        0.104
BASIC3   WITH JOBS3               10.743     0.050      0.050        0.137

Variances/Residual Variances

INCD3                             15.829    -0.068     -0.068       -0.093

Means/Intercepts/Thresholds

[ INCD3    ]                      51.652     0.148      0.148        0.173
[ BASIC3   ]                      51.669    -0.182     -0.182       -0.217

Group NZ


WITH Statements

BASIC3   WITH INCD3                8.468    -0.058     -0.058       -0.120

Variances/Residual Variances

INCD3                              7.679     0.066      0.066        0.091

Means/Intercepts/Thresholds

[ INCD3    ]                      28.719    -0.149     -0.149       -0.174
[ BASIC3   ]                      28.696     0.170      0.170        0.193

Group NOR


BY Statements

SCALE    BY JOBS3                 44.461    -0.134     -0.134       -0.188
SCALE    BY BASIC3                 4.121    -0.036     -0.036       -0.046

ON/BY Statements

SCALE    ON SCALE    /
SCALE    BY SCALE                 48.208    -0.207     -0.207       -0.207

WITH Statements

BASIC3   WITH JOBS3               63.783    -0.122     -0.122       -0.477

Variances/Residual Variances

SCALE                             48.213    -0.414     -0.414       -0.414

Means/Intercepts/Thresholds

[ INCD3    ]                      29.033    -0.163     -0.163       -0.190
[ BASIC3   ]                      29.042     0.130      0.130        0.170

Group SWE


Means/Intercepts/Thresholds

[ INCD3    ]                       5.165     0.083      0.083        0.097
[ BASIC3   ]                       5.163    -0.092     -0.092       -0.105

Group USA


WITH Statements

BASIC3   WITH JOBS3                4.149    -0.074     -0.074       -0.230



DIAGRAM INFORMATION

  Use View Diagram under the Diagram menu in the Mplus Editor to view the diagram.
  If running Mplus from the Mplus Diagrammer, the diagram opens automatically.

  Diagram output
    c:\github\svallfors-1997-replication\svallfors2.dgm

     Beginning Time:  12:15:20
        Ending Time:  12:15:20
       Elapsed Time:  00:00:00



MUTHEN & MUTHEN
3463 Stoner Ave.
Los Angeles, CA  90066

Tel: (310) 391-9971
Fax: (310) 391-8971
Web: www.StatModel.com
Support: Support@StatModel.com

Copyright (c) 1998-2018 Muthen & Muthen
