Mplus VERSION 8.3
MUTHEN & MUTHEN
03/10/2020   9:05 AM

INPUT INSTRUCTIONS

  TITLE:

  Model list (those ending in "c" use the original variables,
  without "c" are Svallfors collapsed categories).

  Those ending in "lca" are latent class analyses looking to recover
  2 classes of respondents, like the extreme U-shaped distribution
  of Svallfors' coding scheme.

  svallfors1 = Multigroup model everything constrained except latent means

  svallfors2 = This model includes fixed factor loadings by group
  and intercepts for jobs allowed to vary other two fixed,
  , but means allowed to vary by group;

  svallfors3 = everything free by group, except factor loadings
  DATA: FILE = svallfors.dat;
  VARIABLE:
        NAMES = row incd jobs basic incd3 jobs3
            basic3 country male age edyrs;
        !MISSING=.;

        USEVARIABLES = incd jobs basic;
          !GROUPING is country (752=Swe,578=Nor,276=Ger,40=Aut,
            !36=Aus,554=NZ,124=Can,840=USA);
        CLASSES = c(5);
        !KNOWNCLASS = c(jobs3 = 0-2);

  ANALYSIS:
      TYPE = mixture;

  OUTPUT:



*** WARNING in MODEL command
  All variables are uncorrelated with all other variables within class.
  Check that this is what is intended.
   1 WARNING(S) FOUND IN THE INPUT INSTRUCTIONS





Model list (those ending in "c" use the original variables,
without "c" are Svallfors collapsed categories).

Those ending in "lca" are latent class analyses looking to recover
2 classes of respondents, like the extreme U-shaped distribution
of Svallfors' coding scheme.

svallfors1 = Multigroup model everything constrained except latent means

svallfors2 = This model includes fixed factor loadings by group
and intercepts for jobs allowed to vary other two fixed,
, but means allowed to vary by group;

svallfors3 = everything free by group, except factor loadings

SUMMARY OF ANALYSIS

Number of groups                                                 1
Number of observations                                        9892

Number of dependent variables                                    3
Number of independent variables                                  0
Number of continuous latent variables                            0
Number of categorical latent variables                           1

Observed dependent variables

  Continuous
   INCD        JOBS        BASIC

Categorical latent variables
   C


Estimator                                                      MLR
Information matrix                                        OBSERVED
Optimization Specifications for the Quasi-Newton Algorithm for
Continuous Outcomes
  Maximum number of iterations                                 100
  Convergence criterion                                  0.100D-05
Optimization Specifications for the EM Algorithm
  Maximum number of iterations                                 500
  Convergence criteria
    Loglikelihood change                                 0.100D-06
    Relative loglikelihood change                        0.100D-06
    Derivative                                           0.100D-05
Optimization Specifications for the M step of the EM Algorithm for
Categorical Latent variables
  Number of M step iterations                                    1
  M step convergence criterion                           0.100D-05
  Basis for M step termination                           ITERATION
Optimization Specifications for the M step of the EM Algorithm for
Censored, Binary or Ordered Categorical (Ordinal), Unordered
Categorical (Nominal) and Count Outcomes
  Number of M step iterations                                    1
  M step convergence criterion                           0.100D-05
  Basis for M step termination                           ITERATION
  Maximum value for logit thresholds                            15
  Minimum value for logit thresholds                           -15
  Minimum expected cell size for chi-square              0.100D-01
Optimization algorithm                                         EMA
Random Starts Specifications
  Number of initial stage random starts                         20
  Number of final stage optimizations                            4
  Number of initial stage iterations                            10
  Initial stage convergence criterion                    0.100D+01
  Random starts scale                                    0.500D+01
  Random seed for generating random starts                       0

Input data file(s)
  svallfors.dat
Input data format  FREE



UNIVARIATE SAMPLE STATISTICS


     UNIVARIATE HIGHER-ORDER MOMENT DESCRIPTIVE STATISTICS

         Variable/         Mean/     Skewness/   Minimum/ % with                Percentiles
        Sample Size      Variance    Kurtosis    Maximum  Min/Max      20%/60%    40%/80%    Median

     INCD                  3.326      -0.350       1.000    7.63%       2.000      3.000      4.000
            9892.000       1.434      -0.935       5.000   16.10%       4.000      4.000
     JOBS                  3.457      -0.388       1.000    5.68%       2.000      3.000      4.000
            9892.000       1.433      -0.926       5.000   21.28%       4.000      5.000
     BASIC                 3.325      -0.346       1.000    8.51%       2.000      3.000      4.000
            9892.000       1.524      -1.007       5.000   17.56%       4.000      4.000

RANDOM STARTS RESULTS RANKED FROM THE BEST TO THE WORST LOGLIKELIHOOD VALUES

Final stage loglikelihood values at local maxima, seeds, and initial stage start numbers:

          -42107.759  608496           4
          -42354.357  76974            16
          -42354.357  107446           12
          -42354.357  27071            15



     WARNING:  THE BEST LOGLIKELIHOOD VALUE WAS NOT REPLICATED.  THE
     SOLUTION MAY NOT BE TRUSTWORTHY DUE TO LOCAL MAXIMA.  INCREASE THE
     NUMBER OF RANDOM STARTS.


THE MODEL ESTIMATION TERMINATED NORMALLY



MODEL FIT INFORMATION

Number of Free Parameters                       22

Loglikelihood

          H0 Value                      -42107.759
          H0 Scaling Correction Factor      1.1210
            for MLR

Information Criteria

          Akaike (AIC)                   84259.517
          Bayesian (BIC)                 84417.906
          Sample-Size Adjusted BIC       84347.993
            (n* = (n + 2) / 24)



FINAL CLASS COUNTS AND PROPORTIONS FOR THE LATENT CLASSES
BASED ON THE ESTIMATED MODEL

    Latent
   Classes

       1        931.82239          0.09420
       2       2089.11400          0.21119
       3       1148.47890          0.11610
       4       3834.83851          0.38767
       5       1887.74620          0.19084


FINAL CLASS COUNTS AND PROPORTIONS FOR THE LATENT CLASSES
BASED ON ESTIMATED POSTERIOR PROBABILITIES

    Latent
   Classes

       1        931.82239          0.09420
       2       2089.11400          0.21119
       3       1148.47890          0.11610
       4       3834.83851          0.38767
       5       1887.74620          0.19084


FINAL CLASS COUNTS AND PROPORTIONS FOR THE LATENT CLASSES
BASED ON THEIR MOST LIKELY LATENT CLASS MEMBERSHIP

Class Counts and Proportions

    Latent
   Classes

       1              857          0.08664
       2             2042          0.20643
       3             1022          0.10332
       4             4044          0.40882
       5             1927          0.19480


CLASSIFICATION QUALITY

     Entropy                         0.842


Average Latent Class Probabilities for Most Likely Latent Class Membership (Row)
by Latent Class (Column)

           1        2        3        4        5

    1   0.891    0.090    0.000    0.018    0.000
    2   0.006    0.952    0.042    0.001    0.000
    3   0.000    0.045    0.946    0.010    0.000
    4   0.038    0.006    0.024    0.886    0.045
    5   0.000    0.000    0.000    0.116    0.884


Classification Probabilities for the Most Likely Latent Class Membership (Column)
by Latent Class (Row)

           1        2        3        4        5

    1   0.820    0.013    0.000    0.167    0.000
    2   0.037    0.930    0.022    0.011    0.000
    3   0.000    0.074    0.841    0.084    0.000
    4   0.004    0.000    0.003    0.935    0.058
    5   0.000    0.000    0.000    0.097    0.903


Logits for the Classification Probabilities for the Most Likely Latent Class Membership (Column)
by Latent Class (Row)

              1        2        3        4        5

    1      9.660    5.539    0.612    8.068    0.000
    2     10.522   13.743    9.989    9.304    0.000
    3      1.177    7.958   10.389    8.090    0.000
    4     -2.661   -5.010   -3.098    2.778    0.000
    5    -11.011  -13.713  -13.331   -2.227    0.000


MODEL RESULTS

                                                    Two-Tailed
                    Estimate       S.E.  Est./S.E.    P-Value

Latent Class 1

 Means
    INCD               2.884      0.046     62.769      0.000
    JOBS               2.062      0.036     57.471      0.000
    BASIC              3.928      0.043     92.262      0.000

 Variances
    INCD               1.016      0.015     67.159      0.000
    JOBS               0.302      0.007     45.074      0.000
    BASIC              0.278      0.006     49.045      0.000

Latent Class 2

 Means
    INCD               2.330      0.028     83.600      0.000
    JOBS               1.899      0.020     96.854      0.000
    BASIC              1.760      0.018     96.283      0.000

 Variances
    INCD               1.016      0.015     67.159      0.000
    JOBS               0.302      0.007     45.074      0.000
    BASIC              0.278      0.006     49.045      0.000

Latent Class 3

 Means
    INCD               3.205      0.041     78.921      0.000
    JOBS               4.026      0.035    114.985      0.000
    BASIC              1.895      0.021     91.172      0.000

 Variances
    INCD               1.016      0.015     67.159      0.000
    JOBS               0.302      0.007     45.074      0.000
    BASIC              0.278      0.006     49.045      0.000

Latent Class 4

 Means
    INCD               3.546      0.018    198.864      0.000
    JOBS               3.807      0.018    213.402      0.000
    BASIC              3.762      0.012    308.653      0.000

 Variances
    INCD               1.016      0.015     67.159      0.000
    JOBS               0.302      0.007     45.074      0.000
    BASIC              0.278      0.006     49.045      0.000

Latent Class 5

 Means
    INCD               4.270      0.024    181.487      0.000
    JOBS               4.811      0.011    438.835      0.000
    BASIC              4.740      0.017    282.121      0.000

 Variances
    INCD               1.016      0.015     67.159      0.000
    JOBS               0.302      0.007     45.074      0.000
    BASIC              0.278      0.006     49.045      0.000

Categorical Latent Variables

 Means
    C#1               -0.706      0.071     -9.915      0.000
    C#2                0.101      0.039      2.598      0.009
    C#3               -0.497      0.052     -9.543      0.000
    C#4                0.709      0.039     17.946      0.000


QUALITY OF NUMERICAL RESULTS

     Condition Number for the Information Matrix              0.272E-02
       (ratio of smallest to largest eigenvalue)


DIAGRAM INFORMATION

  Mplus diagrams are currently not available for Mixture analysis.
  No diagram output was produced.


     Beginning Time:  09:05:14
        Ending Time:  09:05:18
       Elapsed Time:  00:00:04



MUTHEN & MUTHEN
3463 Stoner Ave.
Los Angeles, CA  90066

Tel: (310) 391-9971
Fax: (310) 391-8971
Web: www.StatModel.com
Support: Support@StatModel.com

Copyright (c) 1998-2019 Muthen & Muthen
