Mplus VERSION 8.2
MUTHEN & MUTHEN
03/06/2020   9:26 AM

INPUT INSTRUCTIONS

  TITLE: This model includes fixed factor loadings by group
  and fixed intercepts by group item, but means allowed to vary
  by group;
  DATA: FILE = svallfors.dat;
  VARIABLE:
      NAMES = row incd jobs basic incd3 jobs3
          basic3 country male age edyrs;
      !MISSING=.;
      USEVARIABLES = incd3 jobs3 basic3;
        GROUPING is country (752=Swe,578=Nor,276=Ger,40=Aut,
          36=Aus,554=NZ,124=Can,840=USA);

  ANALYSIS:
      TYPE = general;
  MODEL:
      scale BY incd3(a);
      scale BY jobs3(b);
      scale BY basic3(c);
      jobs3*;

  Model Swe:
      scale BY incd3(a);
      scale BY jobs3(b);
      scale BY basic3(c);

  Model Nor:
      scale BY incd3(a);
      scale BY jobs3(b);
      scale BY basic3(c);

  Model Ger:
      scale BY incd3(a);
      scale BY jobs3(b);
      scale BY basic3(c);

  Model Aut:
      scale BY incd3(a);
      scale BY jobs3(b);
      scale BY basic3(c);

  Model Aus:
      scale BY incd3(a);
      scale BY jobs3(b);
      scale BY basic3(c);

  Model NZ:
      scale BY incd3(a);
      scale BY jobs3(b);
      scale BY basic3(c);

  Model Can:
      scale BY incd3(a);
      scale BY jobs3(b);
      scale BY basic3(c);

  Model USA:
      scale BY incd3(a);
      scale BY jobs3(b);
      scale BY basic3(c);

  OUTPUT:

  STDYX;



INPUT READING TERMINATED NORMALLY



This model includes fixed factor loadings by group
and fixed intercepts by group item, but means allowed to vary
by group;

SUMMARY OF ANALYSIS

Number of groups                                                 8
Number of observations
   Group AUS                                                  1979
   Group AUT                                                   918
   Group CAN                                                   866
   Group GER                                                  1840
   Group NZ                                                   1117
   Group NOR                                                  1342
   Group SWE                                                   658
   Group USA                                                  1172
   Total sample size                                          9892

Number of dependent variables                                    3
Number of independent variables                                  0
Number of continuous latent variables                            1

Observed dependent variables

  Continuous
   INCD3       JOBS3       BASIC3

Continuous latent variables
   SCALE

Variables with special functions

  Grouping variable     COUNTRY

Estimator                                                       ML
Information matrix                                        OBSERVED
Maximum number of iterations                                  1000
Convergence criterion                                    0.500D-04
Maximum number of steepest descent iterations                   20

Input data file(s)
  svallfors.dat

Input data format  FREE



UNIVARIATE SAMPLE STATISTICS


     UNIVARIATE HIGHER-ORDER MOMENT DESCRIPTIVE STATISTICS FOR AUS

         Variable/         Mean/     Skewness/   Minimum/ % with                Percentiles
        Sample Size      Variance    Kurtosis    Maximum  Min/Max      20%/60%    40%/80%    Median

     INCD3                 1.045      -0.088       0.000   37.75%       0.000      1.000      1.000
            1979.000       0.798      -1.741       2.000   42.24%       2.000      2.000
     JOBS3                 1.002      -0.003       0.000   38.86%       0.000      1.000      1.000
            1979.000       0.779      -1.716       2.000   39.01%       1.000      2.000
     BASIC3                1.194      -0.386       0.000   30.87%       0.000      1.000      2.000
            1979.000       0.774      -1.598       2.000   50.23%       2.000      2.000


     UNIVARIATE HIGHER-ORDER MOMENT DESCRIPTIVE STATISTICS FOR AUT

         Variable/         Mean/     Skewness/   Minimum/ % with                Percentiles
        Sample Size      Variance    Kurtosis    Maximum  Min/Max      20%/60%    40%/80%    Median

     INCD3                 1.513      -1.177       0.000   17.97%       1.000      2.000      2.000
             918.000       0.609      -0.334       2.000   69.28%       2.000      2.000
     JOBS3                 1.585      -1.404       0.000   13.62%       1.000      2.000      2.000
             918.000       0.515       0.382       2.000   72.11%       2.000      2.000
     BASIC3                1.192      -0.384       0.000   31.92%       0.000      1.000      2.000
             918.000       0.793      -1.630       2.000   51.09%       2.000      2.000


     UNIVARIATE HIGHER-ORDER MOMENT DESCRIPTIVE STATISTICS FOR CAN

         Variable/         Mean/     Skewness/   Minimum/ % with                Percentiles
        Sample Size      Variance    Kurtosis    Maximum  Min/Max      20%/60%    40%/80%    Median

     INCD3                 1.157      -0.310       0.000   31.52%       0.000      1.000      1.000
             866.000       0.763      -1.619       2.000   47.23%       2.000      2.000
     JOBS3                 0.971       0.057       0.000   41.80%       0.000      0.000      1.000
             866.000       0.806      -1.757       2.000   38.91%       1.000      2.000
     BASIC3                1.082      -0.163       0.000   39.49%       0.000      1.000      1.000
             866.000       0.865      -1.824       2.000   47.69%       2.000      2.000


     UNIVARIATE HIGHER-ORDER MOMENT DESCRIPTIVE STATISTICS FOR GER

         Variable/         Mean/     Skewness/   Minimum/ % with                Percentiles
        Sample Size      Variance    Kurtosis    Maximum  Min/Max      20%/60%    40%/80%    Median

     INCD3                 1.471      -1.048       0.000   19.35%       1.000      2.000      2.000
            1840.000       0.636      -0.617       2.000   66.41%       2.000      2.000
     JOBS3                 1.485      -1.087       0.000   18.26%       1.000      2.000      2.000
            1840.000       0.615      -0.504       2.000   66.79%       2.000      2.000
     BASIC3                1.312      -0.649       0.000   27.34%       0.000      1.000      2.000
            1840.000       0.761      -1.374       2.000   58.53%       2.000      2.000


     UNIVARIATE HIGHER-ORDER MOMENT DESCRIPTIVE STATISTICS FOR NZ

         Variable/         Mean/     Skewness/   Minimum/ % with                Percentiles
        Sample Size      Variance    Kurtosis    Maximum  Min/Max      20%/60%    40%/80%    Median

     INCD3                 1.218      -0.439       0.000   31.07%       0.000      1.000      2.000
            1117.000       0.792      -1.594       2.000   52.82%       2.000      2.000
     JOBS3                 1.167      -0.333       0.000   32.50%       0.000      1.000      1.000
            1117.000       0.789      -1.651       2.000   49.24%       2.000      2.000
     BASIC3                1.337      -0.708       0.000   26.77%       0.000      2.000      2.000
            1117.000       0.759      -1.309       2.000   60.43%       2.000      2.000


     UNIVARIATE HIGHER-ORDER MOMENT DESCRIPTIVE STATISTICS FOR NOR

         Variable/         Mean/     Skewness/   Minimum/ % with                Percentiles
        Sample Size      Variance    Kurtosis    Maximum  Min/Max      20%/60%    40%/80%    Median

     INCD3                 1.358      -0.752       0.000   24.07%       0.000      1.000      2.000
            1342.000       0.711      -1.176       2.000   59.84%       2.000      2.000
     JOBS3                 1.681      -1.801       0.000    9.69%       1.000      2.000      2.000
            1342.000       0.411       1.788       2.000   77.79%       2.000      2.000
     BASIC3                1.651      -1.693       0.000   12.74%       1.000      2.000      2.000
            1342.000       0.482       1.201       2.000   77.87%       2.000      2.000


     UNIVARIATE HIGHER-ORDER MOMENT DESCRIPTIVE STATISTICS FOR SWE

         Variable/         Mean/     Skewness/   Minimum/ % with                Percentiles
        Sample Size      Variance    Kurtosis    Maximum  Min/Max      20%/60%    40%/80%    Median

     INCD3                 1.222      -0.447       0.000   29.94%       0.000      1.000      2.000
             658.000       0.771      -1.557       2.000   52.13%       2.000      2.000
     JOBS3                 1.600      -1.427       0.000   11.09%       1.000      2.000      2.000
             658.000       0.462       0.605       2.000   71.12%       2.000      2.000
     BASIC3                1.099      -0.191       0.000   32.37%       0.000      1.000      1.000
             658.000       0.736      -1.616       2.000   42.25%       2.000      2.000


     UNIVARIATE HIGHER-ORDER MOMENT DESCRIPTIVE STATISTICS FOR USA

         Variable/         Mean/     Skewness/   Minimum/ % with                Percentiles
        Sample Size      Variance    Kurtosis    Maximum  Min/Max      20%/60%    40%/80%    Median

     INCD3                 0.958       0.082       0.000   42.41%       0.000      0.000      1.000
            1172.000       0.805      -1.752       2.000   38.23%       1.000      2.000
     JOBS3                 1.061      -0.120       0.000   40.19%       0.000      0.000      1.000
            1172.000       0.861      -1.827       2.000   46.25%       2.000      2.000
     BASIC3                0.828       0.344       0.000   51.11%       0.000      0.000      0.000
            1172.000       0.821      -1.694       2.000   33.96%       1.000      2.000


THE MODEL ESTIMATION TERMINATED NORMALLY

     THE STANDARD ERRORS OF THE MODEL PARAMETER ESTIMATES MAY NOT BE
     TRUSTWORTHY FOR SOME PARAMETERS DUE TO A NON-POSITIVE DEFINITE
     FIRST-ORDER DERIVATIVE PRODUCT MATRIX.  THIS MAY BE DUE TO THE STARTING
     VALUES BUT MAY ALSO BE AN INDICATION OF MODEL NONIDENTIFICATION.  THE
     CONDITION NUMBER IS      -0.102D-14.  PROBLEM INVOLVING THE FOLLOWING PARAMETER:
     Parameter 45, Group USA: SCALE




MODEL FIT INFORMATION

Number of Free Parameters                       45

Loglikelihood

          H0 Value                      -34796.045
          H1 Value                      -34353.275

Information Criteria

          Akaike (AIC)                   69682.090
          Bayesian (BIC)                 70006.067
          Sample-Size Adjusted BIC       69863.063
            (n* = (n + 2) / 24)

Chi-Square Test of Model Fit

          Value                            885.539
          Degrees of Freedom                    27
          P-Value                           0.0000

Chi-Square Contribution From Each Group

          AUS                              145.263
          AUT                              111.897
          CAN                               51.631
          GER                              104.207
          NZ                                64.555
          NOR                              150.682
          SWE                              184.368
          USA                               72.937

RMSEA (Root Mean Square Error Of Approximation)

          Estimate                           0.160
          90 Percent C.I.                    0.151  0.170
          Probability RMSEA <= .05           0.000

CFI/TLI

          CFI                                0.828
          TLI                                0.847

Chi-Square Test of Model Fit for the Baseline Model

          Value                           5002.847
          Degrees of Freedom                    24
          P-Value                           0.0000

SRMR (Standardized Root Mean Square Residual)

          Value                              0.087



MODEL RESULTS

                                                    Two-Tailed
                    Estimate       S.E.  Est./S.E.    P-Value

Group AUS

 SCALE    BY
    INCD3              0.834     13.273      0.063      0.950
    JOBS3              1.033     16.456      0.063      0.950
    BASIC3             0.935     14.896      0.063      0.950

 Means
    SCALE              0.000      0.000    999.000    999.000

 Intercepts
    INCD3              1.073      0.016     67.985      0.000
    JOBS3              1.094      0.019     58.045      0.000
    BASIC3             1.049      0.017     61.679      0.000

 Variances
    SCALE              0.389     12.384      0.031      0.975

 Residual Variances
    INCD3              0.525      0.020     25.872      0.000
    JOBS3              0.376      0.020     18.436      0.000
    BASIC3             0.453      0.020     22.979      0.000

Group AUT

 SCALE    BY
    INCD3              0.834     13.273      0.063      0.950
    JOBS3              1.033     16.456      0.063      0.950
    BASIC3             0.935     14.896      0.063      0.950

 Means
    SCALE              0.421      6.696      0.063      0.950

 Intercepts
    INCD3              1.073      0.016     67.985      0.000
    JOBS3              1.094      0.019     58.045      0.000
    BASIC3             1.049      0.017     61.679      0.000

 Variances
    SCALE              0.184      5.850      0.031      0.975

 Residual Variances
    INCD3              0.488      0.027     18.373      0.000
    JOBS3              0.321      0.023     13.680      0.000
    BASIC3             0.700      0.038     18.613      0.000

Group CAN

 SCALE    BY
    INCD3              0.834     13.273      0.063      0.950
    JOBS3              1.033     16.456      0.063      0.950
    BASIC3             0.935     14.896      0.063      0.950

 Means
    SCALE             -0.023      0.365     -0.063      0.950

 Intercepts
    INCD3              1.073      0.016     67.985      0.000
    JOBS3              1.094      0.019     58.045      0.000
    BASIC3             1.049      0.017     61.679      0.000

 Variances
    SCALE              0.440     14.011      0.031      0.975

 Residual Variances
    INCD3              0.458      0.027     16.743      0.000
    JOBS3              0.351      0.029     12.193      0.000
    BASIC3             0.488      0.031     15.969      0.000

Group GER

 SCALE    BY
    INCD3              0.834     13.273      0.063      0.950
    JOBS3              1.033     16.456      0.063      0.950
    BASIC3             0.935     14.896      0.063      0.950

 Means
    SCALE              0.373      5.943      0.063      0.950

 Intercepts
    INCD3              1.073      0.016     67.985      0.000
    JOBS3              1.094      0.019     58.045      0.000
    BASIC3             1.049      0.017     61.679      0.000

 Variances
    SCALE              0.321     10.232      0.031      0.975

 Residual Variances
    INCD3              0.439      0.018     24.519      0.000
    JOBS3              0.294      0.016     17.878      0.000
    BASIC3             0.437      0.019     23.002      0.000

Group NZ

 SCALE    BY
    INCD3              0.834     13.273      0.063      0.950
    JOBS3              1.033     16.456      0.063      0.950
    BASIC3             0.935     14.896      0.063      0.950

 Means
    SCALE              0.172      2.736      0.063      0.950

 Intercepts
    INCD3              1.073      0.016     67.985      0.000
    JOBS3              1.094      0.019     58.045      0.000
    BASIC3             1.049      0.017     61.679      0.000

 Variances
    SCALE              0.317     10.082      0.031      0.975

 Residual Variances
    INCD3              0.557      0.028     19.774      0.000
    JOBS3              0.460      0.029     15.912      0.000
    BASIC3             0.513      0.028     18.152      0.000

Group NOR

 SCALE    BY
    INCD3              0.834     13.273      0.063      0.950
    JOBS3              1.033     16.456      0.063      0.950
    BASIC3             0.935     14.896      0.063      0.950

 Means
    SCALE              0.559      8.903      0.063      0.950

 Intercepts
    INCD3              1.073      0.016     67.985      0.000
    JOBS3              1.094      0.019     58.045      0.000
    BASIC3             1.049      0.017     61.679      0.000

 Variances
    SCALE              0.199      6.337      0.031      0.975

 Residual Variances
    INCD3              0.555      0.024     23.133      0.000
    JOBS3              0.209      0.014     14.834      0.000
    BASIC3             0.327      0.017     19.513      0.000

Group SWE

 SCALE    BY
    INCD3              0.834     13.273      0.063      0.950
    JOBS3              1.033     16.456      0.063      0.950
    BASIC3             0.935     14.896      0.063      0.950

 Means
    SCALE              0.347      5.526      0.063      0.950

 Intercepts
    INCD3              1.073      0.016     67.985      0.000
    JOBS3              1.094      0.019     58.045      0.000
    BASIC3             1.049      0.017     61.679      0.000

 Variances
    SCALE              0.245      7.804      0.031      0.975

 Residual Variances
    INCD3              0.582      0.037     15.842      0.000
    JOBS3              0.240      0.026      9.075      0.000
    BASIC3             0.592      0.040     14.894      0.000

Group USA

 SCALE    BY
    INCD3              0.834     13.273      0.063      0.950
    JOBS3              1.033     16.456      0.063      0.950
    BASIC3             0.935     14.896      0.063      0.950

 Means
    SCALE             -0.125      1.994     -0.063      0.950

 Intercepts
    INCD3              1.073      0.016     67.985      0.000
    JOBS3              1.094      0.019     58.045      0.000
    BASIC3             1.049      0.017     61.679      0.000

 Variances
    SCALE              0.518     16.508      0.031      0.975

 Residual Variances
    INCD3              0.443      0.023     19.491      0.000
    JOBS3              0.340      0.023     14.683      0.000
    BASIC3             0.355      0.022     15.785      0.000


STANDARDIZED MODEL RESULTS


STDYX Standardization

                                                    Two-Tailed
                    Estimate       S.E.  Est./S.E.    P-Value

Group AUS

 SCALE    BY
    INCD3              0.583      0.014     41.563      0.000
    JOBS3              0.725      0.015     48.108      0.000
    BASIC3             0.655      0.014     46.675      0.000

 Means
    SCALE              0.000      0.000    999.000    999.000

 Intercepts
    INCD3              1.203      0.025     47.813      0.000
    JOBS3              1.230      0.027     45.128      0.000
    BASIC3             1.177      0.028     41.894      0.000

 Variances
    SCALE              1.000      0.000    999.000    999.000

 Residual Variances
    INCD3              0.660      0.016     40.368      0.000
    JOBS3              0.475      0.022     21.756      0.000
    BASIC3             0.571      0.018     31.074      0.000

Group AUT

 SCALE    BY
    INCD3              0.455      0.022     20.628      0.000
    JOBS3              0.616      0.028     22.054      0.000
    BASIC3             0.432      0.021     20.671      0.000

 Means
    SCALE              0.981      0.077     12.747      0.000

 Intercepts
    INCD3              1.367      0.037     36.758      0.000
    JOBS3              1.522      0.044     34.675      0.000
    BASIC3             1.130      0.031     36.080      0.000

 Variances
    SCALE              1.000      0.000    999.000    999.000

 Residual Variances
    INCD3              0.793      0.020     39.457      0.000
    JOBS3              0.620      0.034     18.022      0.000
    BASIC3             0.813      0.018     45.038      0.000

Group CAN

 SCALE    BY
    INCD3              0.633      0.019     33.521      0.000
    JOBS3              0.757      0.020     38.420      0.000
    BASIC3             0.664      0.019     35.450      0.000

 Means
    SCALE             -0.034      0.048     -0.722      0.470

 Intercepts
    INCD3              1.228      0.033     37.173      0.000
    JOBS3              1.208      0.035     34.576      0.000
    BASIC3             1.122      0.031     36.094      0.000

 Variances
    SCALE              1.000      0.000    999.000    999.000

 Residual Variances
    INCD3              0.599      0.024     25.087      0.000
    JOBS3              0.427      0.030     14.340      0.000
    BASIC3             0.559      0.025     22.467      0.000

Group GER

 SCALE    BY
    INCD3              0.580      0.014     40.194      0.000
    JOBS3              0.734      0.015     49.906      0.000
    BASIC3             0.626      0.015     40.493      0.000

 Means
    SCALE              0.658      0.045     14.780      0.000

 Intercepts
    INCD3              1.318      0.029     45.640      0.000
    JOBS3              1.371      0.033     41.692      0.000
    BASIC3             1.238      0.027     45.619      0.000

 Variances
    SCALE              1.000      0.000    999.000    999.000

 Residual Variances
    INCD3              0.663      0.017     39.551      0.000
    JOBS3              0.461      0.022     21.349      0.000
    BASIC3             0.608      0.019     31.442      0.000

Group NZ

 SCALE    BY
    INCD3              0.532      0.019     28.337      0.000
    JOBS3              0.651      0.021     31.367      0.000
    BASIC3             0.592      0.019     31.002      0.000

 Means
    SCALE              0.305      0.050      6.084      0.000

 Intercepts
    INCD3              1.217      0.030     40.472      0.000
    JOBS3              1.225      0.033     37.335      0.000
    BASIC3             1.180      0.031     37.780      0.000

 Variances
    SCALE              1.000      0.000    999.000    999.000

 Residual Variances
    INCD3              0.717      0.020     35.894      0.000
    JOBS3              0.576      0.027     21.348      0.000
    BASIC3             0.649      0.023     28.716      0.000

Group NOR

 SCALE    BY
    INCD3              0.447      0.016     28.203      0.000
    JOBS3              0.710      0.019     36.887      0.000
    BASIC3             0.589      0.018     33.390      0.000

 Means
    SCALE              1.253      0.065     19.318      0.000

 Intercepts
    INCD3              1.289      0.030     43.544      0.000
    JOBS3              1.684      0.044     38.482      0.000
    BASIC3             1.481      0.037     39.629      0.000

 Variances
    SCALE              1.000      0.000    999.000    999.000

 Residual Variances
    INCD3              0.800      0.014     56.565      0.000
    JOBS3              0.496      0.027     18.180      0.000
    BASIC3             0.653      0.021     31.379      0.000

Group SWE

 SCALE    BY
    INCD3              0.476      0.022     21.149      0.000
    JOBS3              0.722      0.029     24.839      0.000
    BASIC3             0.516      0.023     22.459      0.000

 Means
    SCALE              0.701      0.071      9.882      0.000

 Intercepts
    INCD3              1.237      0.037     33.855      0.000
    JOBS3              1.545      0.052     29.573      0.000
    BASIC3             1.168      0.036     32.167      0.000

 Variances
    SCALE              1.000      0.000    999.000    999.000

 Residual Variances
    INCD3              0.774      0.021     36.156      0.000
    JOBS3              0.479      0.042     11.398      0.000
    BASIC3             0.734      0.024     30.981      0.000

Group USA

 SCALE    BY
    INCD3              0.670      0.016     42.559      0.000
    JOBS3              0.787      0.014     54.505      0.000
    BASIC3             0.749      0.016     46.359      0.000

 Means
    SCALE             -0.174      0.042     -4.180      0.000

 Intercepts
    INCD3              1.197      0.029     41.565      0.000
    JOBS3              1.158      0.032     36.706      0.000
    BASIC3             1.166      0.029     40.344      0.000

 Variances
    SCALE              1.000      0.000    999.000    999.000

 Residual Variances
    INCD3              0.552      0.021     26.190      0.000
    JOBS3              0.380      0.023     16.738      0.000
    BASIC3             0.439      0.024     18.118      0.000


R-SQUARE

Group AUS

    Observed                                        Two-Tailed
    Variable        Estimate       S.E.  Est./S.E.    P-Value

    INCD3              0.340      0.016     20.781      0.000
    JOBS3              0.525      0.022     24.054      0.000
    BASIC3             0.429      0.018     23.338      0.000

Group AUT

    Observed                                        Two-Tailed
    Variable        Estimate       S.E.  Est./S.E.    P-Value

    INCD3              0.207      0.020     10.314      0.000
    JOBS3              0.380      0.034     11.027      0.000
    BASIC3             0.187      0.018     10.335      0.000

Group CAN

    Observed                                        Two-Tailed
    Variable        Estimate       S.E.  Est./S.E.    P-Value

    INCD3              0.401      0.024     16.760      0.000
    JOBS3              0.573      0.030     19.210      0.000
    BASIC3             0.441      0.025     17.725      0.000

Group GER

    Observed                                        Two-Tailed
    Variable        Estimate       S.E.  Est./S.E.    P-Value

    INCD3              0.337      0.017     20.097      0.000
    JOBS3              0.539      0.022     24.953      0.000
    BASIC3             0.392      0.019     20.246      0.000

Group NZ

    Observed                                        Two-Tailed
    Variable        Estimate       S.E.  Est./S.E.    P-Value

    INCD3              0.283      0.020     14.168      0.000
    JOBS3              0.424      0.027     15.684      0.000
    BASIC3             0.351      0.023     15.501      0.000

Group NOR

    Observed                                        Two-Tailed
    Variable        Estimate       S.E.  Est./S.E.    P-Value

    INCD3              0.200      0.014     14.102      0.000
    JOBS3              0.504      0.027     18.443      0.000
    BASIC3             0.347      0.021     16.695      0.000

Group SWE

    Observed                                        Two-Tailed
    Variable        Estimate       S.E.  Est./S.E.    P-Value

    INCD3              0.226      0.021     10.574      0.000
    JOBS3              0.521      0.042     12.420      0.000
    BASIC3             0.266      0.024     11.230      0.000

Group USA

    Observed                                        Two-Tailed
    Variable        Estimate       S.E.  Est./S.E.    P-Value

    INCD3              0.448      0.021     21.279      0.000
    JOBS3              0.620      0.023     27.252      0.000
    BASIC3             0.561      0.024     23.179      0.000


QUALITY OF NUMERICAL RESULTS

     Condition Number for the Information Matrix              0.185E-07
       (ratio of smallest to largest eigenvalue)


TECHNICAL 1 OUTPUT


     PARAMETER SPECIFICATION FOR AUS


           NU
              INCD3         JOBS3         BASIC3
              ________      ________      ________
                  1             2             3


           LAMBDA
              SCALE
              ________
 INCD3              4
 JOBS3              5
 BASIC3             6


           THETA
              INCD3         JOBS3         BASIC3
              ________      ________      ________
 INCD3              7
 JOBS3              0             8
 BASIC3             0             0             9


           ALPHA
              SCALE
              ________
                  0


           BETA
              SCALE
              ________
 SCALE              0


           PSI
              SCALE
              ________
 SCALE             10


     PARAMETER SPECIFICATION FOR AUT


           NU
              INCD3         JOBS3         BASIC3
              ________      ________      ________
                  1             2             3


           LAMBDA
              SCALE
              ________
 INCD3              4
 JOBS3              5
 BASIC3             6


           THETA
              INCD3         JOBS3         BASIC3
              ________      ________      ________
 INCD3             11
 JOBS3              0            12
 BASIC3             0             0            13


           ALPHA
              SCALE
              ________
                 14


           BETA
              SCALE
              ________
 SCALE              0


           PSI
              SCALE
              ________
 SCALE             15


     PARAMETER SPECIFICATION FOR CAN


           NU
              INCD3         JOBS3         BASIC3
              ________      ________      ________
                  1             2             3


           LAMBDA
              SCALE
              ________
 INCD3              4
 JOBS3              5
 BASIC3             6


           THETA
              INCD3         JOBS3         BASIC3
              ________      ________      ________
 INCD3             16
 JOBS3              0            17
 BASIC3             0             0            18


           ALPHA
              SCALE
              ________
                 19


           BETA
              SCALE
              ________
 SCALE              0


           PSI
              SCALE
              ________
 SCALE             20


     PARAMETER SPECIFICATION FOR GER


           NU
              INCD3         JOBS3         BASIC3
              ________      ________      ________
                  1             2             3


           LAMBDA
              SCALE
              ________
 INCD3              4
 JOBS3              5
 BASIC3             6


           THETA
              INCD3         JOBS3         BASIC3
              ________      ________      ________
 INCD3             21
 JOBS3              0            22
 BASIC3             0             0            23


           ALPHA
              SCALE
              ________
                 24


           BETA
              SCALE
              ________
 SCALE              0


           PSI
              SCALE
              ________
 SCALE             25


     PARAMETER SPECIFICATION FOR NZ


           NU
              INCD3         JOBS3         BASIC3
              ________      ________      ________
                  1             2             3


           LAMBDA
              SCALE
              ________
 INCD3              4
 JOBS3              5
 BASIC3             6


           THETA
              INCD3         JOBS3         BASIC3
              ________      ________      ________
 INCD3             26
 JOBS3              0            27
 BASIC3             0             0            28


           ALPHA
              SCALE
              ________
                 29


           BETA
              SCALE
              ________
 SCALE              0


           PSI
              SCALE
              ________
 SCALE             30


     PARAMETER SPECIFICATION FOR NOR


           NU
              INCD3         JOBS3         BASIC3
              ________      ________      ________
                  1             2             3


           LAMBDA
              SCALE
              ________
 INCD3              4
 JOBS3              5
 BASIC3             6


           THETA
              INCD3         JOBS3         BASIC3
              ________      ________      ________
 INCD3             31
 JOBS3              0            32
 BASIC3             0             0            33


           ALPHA
              SCALE
              ________
                 34


           BETA
              SCALE
              ________
 SCALE              0


           PSI
              SCALE
              ________
 SCALE             35


     PARAMETER SPECIFICATION FOR SWE


           NU
              INCD3         JOBS3         BASIC3
              ________      ________      ________
                  1             2             3


           LAMBDA
              SCALE
              ________
 INCD3              4
 JOBS3              5
 BASIC3             6


           THETA
              INCD3         JOBS3         BASIC3
              ________      ________      ________
 INCD3             36
 JOBS3              0            37
 BASIC3             0             0            38


           ALPHA
              SCALE
              ________
                 39


           BETA
              SCALE
              ________
 SCALE              0


           PSI
              SCALE
              ________
 SCALE             40


     PARAMETER SPECIFICATION FOR USA


           NU
              INCD3         JOBS3         BASIC3
              ________      ________      ________
                  1             2             3


           LAMBDA
              SCALE
              ________
 INCD3              4
 JOBS3              5
 BASIC3             6


           THETA
              INCD3         JOBS3         BASIC3
              ________      ________      ________
 INCD3             41
 JOBS3              0            42
 BASIC3             0             0            43


           ALPHA
              SCALE
              ________
                 44


           BETA
              SCALE
              ________
 SCALE              0


           PSI
              SCALE
              ________
 SCALE             45


     STARTING VALUES FOR AUS


           NU
              INCD3         JOBS3         BASIC3
              ________      ________      ________
                1.045         1.002         1.194


           LAMBDA
              SCALE
              ________
 INCD3          0.519
 JOBS3          0.640
 BASIC3         0.604


           THETA
              INCD3         JOBS3         BASIC3
              ________      ________      ________
 INCD3          0.399
 JOBS3          0.000         0.389
 BASIC3         0.000         0.000         0.387


           ALPHA
              SCALE
              ________
                0.000


           BETA
              SCALE
              ________
 SCALE          0.000


           PSI
              SCALE
              ________
 SCALE          0.050


     STARTING VALUES FOR AUT


           NU
              INCD3         JOBS3         BASIC3
              ________      ________      ________
                1.045         1.002         1.194


           LAMBDA
              SCALE
              ________
 INCD3          0.366
 JOBS3          0.433
 BASIC3         0.433


           THETA
              INCD3         JOBS3         BASIC3
              ________      ________      ________
 INCD3          0.399
 JOBS3          0.000         0.389
 BASIC3         0.000         0.000         0.387


           ALPHA
              SCALE
              ________
                0.000


           BETA
              SCALE
              ________
 SCALE          0.000


           PSI
              SCALE
              ________
 SCALE          0.050


     STARTING VALUES FOR CAN


           NU
              INCD3         JOBS3         BASIC3
              ________      ________      ________
                1.045         1.002         1.194


           LAMBDA
              SCALE
              ________
 INCD3          0.569
 JOBS3          0.695
 BASIC3         0.606


           THETA
              INCD3         JOBS3         BASIC3
              ________      ________      ________
 INCD3          0.399
 JOBS3          0.000         0.389
 BASIC3         0.000         0.000         0.387


           ALPHA
              SCALE
              ________
                0.000


           BETA
              SCALE
              ________
 SCALE          0.000


           PSI
              SCALE
              ________
 SCALE          0.050


     STARTING VALUES FOR GER


           NU
              INCD3         JOBS3         BASIC3
              ________      ________      ________
                1.045         1.002         1.194


           LAMBDA
              SCALE
              ________
 INCD3          0.449
 JOBS3          0.509
 BASIC3         0.664


           THETA
              INCD3         JOBS3         BASIC3
              ________      ________      ________
 INCD3          0.399
 JOBS3          0.000         0.389
 BASIC3         0.000         0.000         0.387


           ALPHA
              SCALE
              ________
                0.000


           BETA
              SCALE
              ________
 SCALE          0.000


           PSI
              SCALE
              ________
 SCALE          0.050


     STARTING VALUES FOR NZ


           NU
              INCD3         JOBS3         BASIC3
              ________      ________      ________
                1.045         1.002         1.194


           LAMBDA
              SCALE
              ________
 INCD3          0.491
 JOBS3          0.604
 BASIC3         0.500


           THETA
              INCD3         JOBS3         BASIC3
              ________      ________      ________
 INCD3          0.399
 JOBS3          0.000         0.389
 BASIC3         0.000         0.000         0.387


           ALPHA
              SCALE
              ________
                0.000


           BETA
              SCALE
              ________
 SCALE          0.000


           PSI
              SCALE
              ________
 SCALE          0.050


     STARTING VALUES FOR NOR


           NU
              INCD3         JOBS3         BASIC3
              ________      ________      ________
                1.045         1.002         1.194


           LAMBDA
              SCALE
              ________
 INCD3          0.541
 JOBS3          0.395
 BASIC3         0.412


           THETA
              INCD3         JOBS3         BASIC3
              ________      ________      ________
 INCD3          0.399
 JOBS3          0.000         0.389
 BASIC3         0.000         0.000         0.387


           ALPHA
              SCALE
              ________
                0.000


           BETA
              SCALE
              ________
 SCALE          0.000


           PSI
              SCALE
              ________
 SCALE          0.050


     STARTING VALUES FOR SWE


           NU
              INCD3         JOBS3         BASIC3
              ________      ________      ________
                1.045         1.002         1.194


           LAMBDA
              SCALE
              ________
 INCD3          0.489
 JOBS3          0.502
 BASIC3         0.503


           THETA
              INCD3         JOBS3         BASIC3
              ________      ________      ________
 INCD3          0.399
 JOBS3          0.000         0.389
 BASIC3         0.000         0.000         0.387


           ALPHA
              SCALE
              ________
                0.000


           BETA
              SCALE
              ________
 SCALE          0.000


           PSI
              SCALE
              ________
 SCALE          0.050


     STARTING VALUES FOR USA


           NU
              INCD3         JOBS3         BASIC3
              ________      ________      ________
                1.045         1.002         1.194


           LAMBDA
              SCALE
              ________
 INCD3          0.597
 JOBS3          0.716
 BASIC3         0.717


           THETA
              INCD3         JOBS3         BASIC3
              ________      ________      ________
 INCD3          0.399
 JOBS3          0.000         0.389
 BASIC3         0.000         0.000         0.387


           ALPHA
              SCALE
              ________
                0.000


           BETA
              SCALE
              ________
 SCALE          0.000


           PSI
              SCALE
              ________
 SCALE          0.050


DIAGRAM INFORMATION

  Use View Diagram under the Diagram menu in the Mplus Editor to view the diagram.
  If running Mplus from the Mplus Diagrammer, the diagram opens automatically.

  Diagram output
    c:\github\svallfors-1997-replication\svallfors1.dgm

     Beginning Time:  09:26:32
        Ending Time:  09:26:32
       Elapsed Time:  00:00:00



MUTHEN & MUTHEN
3463 Stoner Ave.
Los Angeles, CA  90066

Tel: (310) 391-9971
Fax: (310) 391-8971
Web: www.StatModel.com
Support: Support@StatModel.com

Copyright (c) 1998-2018 Muthen & Muthen
