Mplus VERSION 8.2
MUTHEN & MUTHEN
03/06/2020  12:18 PM

INPUT INSTRUCTIONS

  TITLE:
  svallfors1 = Multigroup model everything constrained except latent means

  svallfors2 = This model includes fixed factor loadings by group
  and intercepts for jobs allowed to vary other two fixed,
  , but means allowed to vary by group;

  svallfors3 = everything free by group, except factor loadings
  DATA: FILE = svallfors.dat;
  VARIABLE:
      NAMES = row incd jobs basic incd3 jobs3
          basic3 country male age edyrs;
      !MISSING=.;
      USEVARIABLES = incd3 jobs3 basic3;
        GROUPING is country (752=Swe,578=Nor,276=Ger,40=Aut,
          36=Aus,554=NZ,124=Can,840=USA);

  ANALYSIS:
      TYPE = general;
  MODEL:
      scale BY incd3(a);
      scale BY jobs3(b);
      scale BY basic3(c);
      basic3;
      jobs3*;
      incd3*;
      [jobs3*];
      [incd3*];
      [jobs3*];


  OUTPUT:

  STDYX; MODINDICES(4);



INPUT READING TERMINATED NORMALLY




svallfors1 = Multigroup model everything constrained except latent means

svallfors2 = This model includes fixed factor loadings by group
and intercepts for jobs allowed to vary other two fixed,
, but means allowed to vary by group;

svallfors3 = everything free by group, except factor loadings

SUMMARY OF ANALYSIS

Number of groups                                                 8
Number of observations
   Group AUS                                                  1979
   Group AUT                                                   918
   Group CAN                                                   866
   Group GER                                                  1840
   Group NZ                                                   1117
   Group NOR                                                  1342
   Group SWE                                                   658
   Group USA                                                  1172
   Total sample size                                          9892

Number of dependent variables                                    3
Number of independent variables                                  0
Number of continuous latent variables                            1

Observed dependent variables

  Continuous
   INCD3       JOBS3       BASIC3

Continuous latent variables
   SCALE

Variables with special functions

  Grouping variable     COUNTRY

Estimator                                                       ML
Information matrix                                        OBSERVED
Maximum number of iterations                                  1000
Convergence criterion                                    0.500D-04
Maximum number of steepest descent iterations                   20

Input data file(s)
  svallfors.dat

Input data format  FREE



UNIVARIATE SAMPLE STATISTICS


     UNIVARIATE HIGHER-ORDER MOMENT DESCRIPTIVE STATISTICS FOR AUS

         Variable/         Mean/     Skewness/   Minimum/ % with                Percentiles
        Sample Size      Variance    Kurtosis    Maximum  Min/Max      20%/60%    40%/80%    Median

     INCD3                 1.045      -0.088       0.000   37.75%       0.000      1.000      1.000
            1979.000       0.798      -1.741       2.000   42.24%       2.000      2.000
     JOBS3                 1.002      -0.003       0.000   38.86%       0.000      1.000      1.000
            1979.000       0.779      -1.716       2.000   39.01%       1.000      2.000
     BASIC3                1.194      -0.386       0.000   30.87%       0.000      1.000      2.000
            1979.000       0.774      -1.598       2.000   50.23%       2.000      2.000


     UNIVARIATE HIGHER-ORDER MOMENT DESCRIPTIVE STATISTICS FOR AUT

         Variable/         Mean/     Skewness/   Minimum/ % with                Percentiles
        Sample Size      Variance    Kurtosis    Maximum  Min/Max      20%/60%    40%/80%    Median

     INCD3                 1.513      -1.177       0.000   17.97%       1.000      2.000      2.000
             918.000       0.609      -0.334       2.000   69.28%       2.000      2.000
     JOBS3                 1.585      -1.404       0.000   13.62%       1.000      2.000      2.000
             918.000       0.515       0.382       2.000   72.11%       2.000      2.000
     BASIC3                1.192      -0.384       0.000   31.92%       0.000      1.000      2.000
             918.000       0.793      -1.630       2.000   51.09%       2.000      2.000


     UNIVARIATE HIGHER-ORDER MOMENT DESCRIPTIVE STATISTICS FOR CAN

         Variable/         Mean/     Skewness/   Minimum/ % with                Percentiles
        Sample Size      Variance    Kurtosis    Maximum  Min/Max      20%/60%    40%/80%    Median

     INCD3                 1.157      -0.310       0.000   31.52%       0.000      1.000      1.000
             866.000       0.763      -1.619       2.000   47.23%       2.000      2.000
     JOBS3                 0.971       0.057       0.000   41.80%       0.000      0.000      1.000
             866.000       0.806      -1.757       2.000   38.91%       1.000      2.000
     BASIC3                1.082      -0.163       0.000   39.49%       0.000      1.000      1.000
             866.000       0.865      -1.824       2.000   47.69%       2.000      2.000


     UNIVARIATE HIGHER-ORDER MOMENT DESCRIPTIVE STATISTICS FOR GER

         Variable/         Mean/     Skewness/   Minimum/ % with                Percentiles
        Sample Size      Variance    Kurtosis    Maximum  Min/Max      20%/60%    40%/80%    Median

     INCD3                 1.471      -1.048       0.000   19.35%       1.000      2.000      2.000
            1840.000       0.636      -0.617       2.000   66.41%       2.000      2.000
     JOBS3                 1.485      -1.087       0.000   18.26%       1.000      2.000      2.000
            1840.000       0.615      -0.504       2.000   66.79%       2.000      2.000
     BASIC3                1.312      -0.649       0.000   27.34%       0.000      1.000      2.000
            1840.000       0.761      -1.374       2.000   58.53%       2.000      2.000


     UNIVARIATE HIGHER-ORDER MOMENT DESCRIPTIVE STATISTICS FOR NZ

         Variable/         Mean/     Skewness/   Minimum/ % with                Percentiles
        Sample Size      Variance    Kurtosis    Maximum  Min/Max      20%/60%    40%/80%    Median

     INCD3                 1.218      -0.439       0.000   31.07%       0.000      1.000      2.000
            1117.000       0.792      -1.594       2.000   52.82%       2.000      2.000
     JOBS3                 1.167      -0.333       0.000   32.50%       0.000      1.000      1.000
            1117.000       0.789      -1.651       2.000   49.24%       2.000      2.000
     BASIC3                1.337      -0.708       0.000   26.77%       0.000      2.000      2.000
            1117.000       0.759      -1.309       2.000   60.43%       2.000      2.000


     UNIVARIATE HIGHER-ORDER MOMENT DESCRIPTIVE STATISTICS FOR NOR

         Variable/         Mean/     Skewness/   Minimum/ % with                Percentiles
        Sample Size      Variance    Kurtosis    Maximum  Min/Max      20%/60%    40%/80%    Median

     INCD3                 1.358      -0.752       0.000   24.07%       0.000      1.000      2.000
            1342.000       0.711      -1.176       2.000   59.84%       2.000      2.000
     JOBS3                 1.681      -1.801       0.000    9.69%       1.000      2.000      2.000
            1342.000       0.411       1.788       2.000   77.79%       2.000      2.000
     BASIC3                1.651      -1.693       0.000   12.74%       1.000      2.000      2.000
            1342.000       0.482       1.201       2.000   77.87%       2.000      2.000


     UNIVARIATE HIGHER-ORDER MOMENT DESCRIPTIVE STATISTICS FOR SWE

         Variable/         Mean/     Skewness/   Minimum/ % with                Percentiles
        Sample Size      Variance    Kurtosis    Maximum  Min/Max      20%/60%    40%/80%    Median

     INCD3                 1.222      -0.447       0.000   29.94%       0.000      1.000      2.000
             658.000       0.771      -1.557       2.000   52.13%       2.000      2.000
     JOBS3                 1.600      -1.427       0.000   11.09%       1.000      2.000      2.000
             658.000       0.462       0.605       2.000   71.12%       2.000      2.000
     BASIC3                1.099      -0.191       0.000   32.37%       0.000      1.000      1.000
             658.000       0.736      -1.616       2.000   42.25%       2.000      2.000


     UNIVARIATE HIGHER-ORDER MOMENT DESCRIPTIVE STATISTICS FOR USA

         Variable/         Mean/     Skewness/   Minimum/ % with                Percentiles
        Sample Size      Variance    Kurtosis    Maximum  Min/Max      20%/60%    40%/80%    Median

     INCD3                 0.958       0.082       0.000   42.41%       0.000      0.000      1.000
            1172.000       0.805      -1.752       2.000   38.23%       1.000      2.000
     JOBS3                 1.061      -0.120       0.000   40.19%       0.000      0.000      1.000
            1172.000       0.861      -1.827       2.000   46.25%       2.000      2.000
     BASIC3                0.828       0.344       0.000   51.11%       0.000      0.000      0.000
            1172.000       0.821      -1.694       2.000   33.96%       1.000      2.000


THE MODEL ESTIMATION TERMINATED NORMALLY



MODEL FIT INFORMATION

Number of Free Parameters                       58

Loglikelihood

          H0 Value                      -34389.670
          H1 Value                      -34353.275

Information Criteria

          Akaike (AIC)                   68895.340
          Bayesian (BIC)                 69312.910
          Sample-Size Adjusted BIC       69128.595
            (n* = (n + 2) / 24)

Chi-Square Test of Model Fit

          Value                             72.790
          Degrees of Freedom                    14
          P-Value                           0.0000

Chi-Square Contribution From Each Group

          AUS                                2.282
          AUT                                0.057
          CAN                                3.999
          GER                               24.573
          NZ                                 4.378
          NOR                               35.190
          SWE                                1.275
          USA                                1.036

RMSEA (Root Mean Square Error Of Approximation)

          Estimate                           0.058
          90 Percent C.I.                    0.045  0.072
          Probability RMSEA <= .05           0.139

CFI/TLI

          CFI                                0.988
          TLI                                0.980

Chi-Square Test of Model Fit for the Baseline Model

          Value                           5002.847
          Degrees of Freedom                    24
          P-Value                           0.0000

SRMR (Standardized Root Mean Square Residual)

          Value                              0.030



MODEL RESULTS

                                                    Two-Tailed
                    Estimate       S.E.  Est./S.E.    P-Value

Group AUS

 SCALE    BY
    INCD3              1.000      0.000    999.000    999.000
    JOBS3              1.142      0.029     39.114      0.000
    BASIC3             1.151      0.029     39.585      0.000

 Means
    SCALE              0.000      0.000    999.000    999.000

 Intercepts
    INCD3              1.045      0.020     51.709      0.000
    JOBS3              1.002      0.020     50.900      0.000
    BASIC3             1.194      0.020     60.181      0.000

 Variances
    SCALE              0.288      0.016     17.802      0.000

 Residual Variances
    INCD3              0.520      0.020     25.726      0.000
    JOBS3              0.390      0.019     20.751      0.000
    BASIC3             0.397      0.019     20.976      0.000

Group AUT

 SCALE    BY
    INCD3              1.000      0.000    999.000    999.000
    JOBS3              1.142      0.029     39.114      0.000
    BASIC3             1.151      0.029     39.585      0.000

 Means
    SCALE             -0.002      0.031     -0.051      0.959

 Intercepts
    INCD3              1.515      0.036     41.870      0.000
    JOBS3              1.587      0.037     42.427      0.000
    BASIC3             1.194      0.020     60.181      0.000

 Variances
    SCALE              0.140      0.014     10.221      0.000

 Residual Variances
    INCD3              0.471      0.026     18.175      0.000
    JOBS3              0.332      0.022     14.956      0.000
    BASIC3             0.606      0.034     18.055      0.000

Group CAN

 SCALE    BY
    INCD3              1.000      0.000    999.000    999.000
    JOBS3              1.142      0.029     39.114      0.000
    BASIC3             1.151      0.029     39.585      0.000

 Means
    SCALE             -0.097      0.033     -2.943      0.003

 Intercepts
    INCD3              1.254      0.035     36.018      0.000
    JOBS3              1.082      0.037     29.537      0.000
    BASIC3             1.194      0.020     60.181      0.000

 Variances
    SCALE              0.325      0.024     13.593      0.000

 Residual Variances
    INCD3              0.436      0.027     16.357      0.000
    JOBS3              0.361      0.027     13.518      0.000
    BASIC3             0.466      0.031     15.251      0.000

Group GER

 SCALE    BY
    INCD3              1.000      0.000    999.000    999.000
    JOBS3              1.142      0.029     39.114      0.000
    BASIC3             1.151      0.029     39.585      0.000

 Means
    SCALE              0.103      0.024      4.205      0.000

 Intercepts
    INCD3              1.368      0.026     51.872      0.000
    JOBS3              1.368      0.028     48.839      0.000
    BASIC3             1.194      0.020     60.181      0.000

 Variances
    SCALE              0.240      0.014     17.375      0.000

 Residual Variances
    INCD3              0.418      0.017     24.307      0.000
    JOBS3              0.319      0.016     19.872      0.000
    BASIC3             0.401      0.019     21.331      0.000

Group NZ

 SCALE    BY
    INCD3              1.000      0.000    999.000    999.000
    JOBS3              1.142      0.029     39.114      0.000
    BASIC3             1.151      0.029     39.585      0.000

 Means
    SCALE              0.124      0.029      4.307      0.000

 Intercepts
    INCD3              1.093      0.033     32.665      0.000
    JOBS3              1.025      0.035     29.185      0.000
    BASIC3             1.194      0.020     60.181      0.000

 Variances
    SCALE              0.233      0.018     13.058      0.000

 Residual Variances
    INCD3              0.554      0.028     19.590      0.000
    JOBS3              0.469      0.027     17.097      0.000
    BASIC3             0.470      0.027     17.269      0.000

Group NOR

 SCALE    BY
    INCD3              1.000      0.000    999.000    999.000
    JOBS3              1.142      0.029     39.114      0.000
    BASIC3             1.151      0.029     39.585      0.000

 Means
    SCALE              0.398      0.026     15.278      0.000

 Intercepts
    INCD3              0.960      0.031     31.259      0.000
    JOBS3              1.227      0.030     40.605      0.000
    BASIC3             1.194      0.020     60.181      0.000

 Variances
    SCALE              0.149      0.011     13.605      0.000

 Residual Variances
    INCD3              0.506      0.022     22.637      0.000
    JOBS3              0.229      0.014     16.638      0.000
    BASIC3             0.299      0.016     18.591      0.000

Group SWE

 SCALE    BY
    INCD3              1.000      0.000    999.000    999.000
    JOBS3              1.142      0.029     39.114      0.000
    BASIC3             1.151      0.029     39.585      0.000

 Means
    SCALE             -0.082      0.034     -2.419      0.016

 Intercepts
    INCD3              1.304      0.041     31.736      0.000
    JOBS3              1.694      0.038     45.009      0.000
    BASIC3             1.194      0.020     60.181      0.000

 Variances
    SCALE              0.202      0.018     10.976      0.000

 Residual Variances
    INCD3              0.551      0.035     15.919      0.000
    JOBS3              0.201      0.020      9.870      0.000
    BASIC3             0.480      0.033     14.619      0.000

Group USA

 SCALE    BY
    INCD3              1.000      0.000    999.000    999.000
    JOBS3              1.142      0.029     39.114      0.000
    BASIC3             1.151      0.029     39.585      0.000

 Means
    SCALE             -0.317      0.030    -10.648      0.000

 Intercepts
    INCD3              1.275      0.031     41.677      0.000
    JOBS3              1.423      0.032     44.199      0.000
    BASIC3             1.194      0.020     60.181      0.000

 Variances
    SCALE              0.382      0.024     16.137      0.000

 Residual Variances
    INCD3              0.440      0.023     19.415      0.000
    JOBS3              0.354      0.022     15.954      0.000
    BASIC3             0.311      0.021     14.739      0.000


STANDARDIZED MODEL RESULTS


STDYX Standardization

                                                    Two-Tailed
                    Estimate       S.E.  Est./S.E.    P-Value

Group AUS

 SCALE    BY
    INCD3              0.597      0.014     42.511      0.000
    JOBS3              0.700      0.015     47.326      0.000
    BASIC3             0.700      0.014     48.813      0.000

 Means
    SCALE              0.000      0.000    999.000    999.000

 Intercepts
    INCD3              1.162      0.028     41.109      0.000
    JOBS3              1.144      0.028     40.456      0.000
    BASIC3             1.353      0.030     44.411      0.000

 Variances
    SCALE              1.000      0.000    999.000    999.000

 Residual Variances
    INCD3              0.643      0.017     38.360      0.000
    JOBS3              0.509      0.021     24.574      0.000
    BASIC3             0.510      0.020     25.354      0.000

Group AUT

 SCALE    BY
    INCD3              0.479      0.022     21.764      0.000
    JOBS3              0.596      0.026     23.139      0.000
    BASIC3             0.484      0.022     21.754      0.000

 Means
    SCALE             -0.004      0.082     -0.051      0.959

 Intercepts
    INCD3              1.937      0.063     30.511      0.000
    JOBS3              2.212      0.072     30.519      0.000
    BASIC3             1.341      0.037     35.855      0.000

 Variances
    SCALE              1.000      0.000    999.000    999.000

 Residual Variances
    INCD3              0.771      0.021     36.563      0.000
    JOBS3              0.645      0.031     20.975      0.000
    BASIC3             0.766      0.022     35.517      0.000

Group CAN

 SCALE    BY
    INCD3              0.653      0.019     34.250      0.000
    JOBS3              0.735      0.020     37.351      0.000
    BASIC3             0.693      0.019     37.377      0.000

 Means
    SCALE             -0.170      0.058     -2.935      0.003

 Intercepts
    INCD3              1.438      0.051     28.445      0.000
    JOBS3              1.222      0.049     24.776      0.000
    BASIC3             1.261      0.036     35.503      0.000

 Variances
    SCALE              1.000      0.000    999.000    999.000

 Residual Variances
    INCD3              0.573      0.025     22.979      0.000
    JOBS3              0.460      0.029     15.905      0.000
    BASIC3             0.520      0.026     20.236      0.000

Group GER

 SCALE    BY
    INCD3              0.604      0.014     41.758      0.000
    JOBS3              0.704      0.015     47.857      0.000
    BASIC3             0.665      0.016     41.678      0.000

 Means
    SCALE              0.210      0.050      4.197      0.000

 Intercepts
    INCD3              1.687      0.042     40.063      0.000
    JOBS3              1.721      0.045     38.236      0.000
    BASIC3             1.407      0.032     44.583      0.000

 Variances
    SCALE              1.000      0.000    999.000    999.000

 Residual Variances
    INCD3              0.635      0.017     36.350      0.000
    JOBS3              0.505      0.021     24.394      0.000
    BASIC3             0.558      0.021     26.305      0.000

Group NZ

 SCALE    BY
    INCD3              0.544      0.019     28.905      0.000
    JOBS3              0.627      0.020     30.765      0.000
    BASIC3             0.630      0.019     32.487      0.000

 Means
    SCALE              0.257      0.060      4.279      0.000

 Intercepts
    INCD3              1.232      0.045     27.352      0.000
    JOBS3              1.166      0.046     25.143      0.000
    BASIC3             1.353      0.036     37.799      0.000

 Variances
    SCALE              1.000      0.000    999.000    999.000

 Residual Variances
    INCD3              0.704      0.020     34.345      0.000
    JOBS3              0.607      0.026     23.735      0.000
    BASIC3             0.603      0.024     24.711      0.000

Group NOR

 SCALE    BY
    INCD3              0.478      0.017     27.843      0.000
    JOBS3              0.678      0.018     36.748      0.000
    BASIC3             0.631      0.018     35.262      0.000

 Means
    SCALE              1.029      0.071     14.445      0.000

 Intercepts
    INCD3              1.186      0.044     27.142      0.000
    JOBS3              1.883      0.059     31.756      0.000
    BASIC3             1.693      0.043     39.656      0.000

 Variances
    SCALE              1.000      0.000    999.000    999.000

 Residual Variances
    INCD3              0.772      0.016     47.132      0.000
    JOBS3              0.541      0.025     21.620      0.000
    BASIC3             0.602      0.023     26.639      0.000

Group SWE

 SCALE    BY
    INCD3              0.518      0.022     23.688      0.000
    JOBS3              0.752      0.025     29.957      0.000
    BASIC3             0.598      0.022     26.645      0.000

 Means
    SCALE             -0.183      0.076     -2.409      0.016

 Intercepts
    INCD3              1.504      0.060     24.908      0.000
    JOBS3              2.486      0.087     28.612      0.000
    BASIC3             1.381      0.043     32.383      0.000

 Variances
    SCALE              1.000      0.000    999.000    999.000

 Residual Variances
    INCD3              0.732      0.023     32.366      0.000
    JOBS3              0.434      0.038     11.474      0.000
    BASIC3             0.642      0.027     23.936      0.000

Group USA

 SCALE    BY
    INCD3              0.682      0.015     44.007      0.000
    JOBS3              0.765      0.015     50.067      0.000
    BASIC3             0.787      0.015     52.317      0.000

 Means
    SCALE             -0.513      0.049    -10.510      0.000

 Intercepts
    INCD3              1.407      0.042     33.853      0.000
    JOBS3              1.541      0.045     34.588      0.000
    BASIC3             1.321      0.034     38.964      0.000

 Variances
    SCALE              1.000      0.000    999.000    999.000

 Residual Variances
    INCD3              0.535      0.021     25.339      0.000
    JOBS3              0.415      0.023     17.788      0.000
    BASIC3             0.380      0.024     16.058      0.000


R-SQUARE

Group AUS

    Observed                                        Two-Tailed
    Variable        Estimate       S.E.  Est./S.E.    P-Value

    INCD3              0.357      0.017     21.256      0.000
    JOBS3              0.491      0.021     23.663      0.000
    BASIC3             0.490      0.020     24.407      0.000

Group AUT

    Observed                                        Two-Tailed
    Variable        Estimate       S.E.  Est./S.E.    P-Value

    INCD3              0.229      0.021     10.882      0.000
    JOBS3              0.355      0.031     11.569      0.000
    BASIC3             0.234      0.022     10.877      0.000

Group CAN

    Observed                                        Two-Tailed
    Variable        Estimate       S.E.  Est./S.E.    P-Value

    INCD3              0.427      0.025     17.125      0.000
    JOBS3              0.540      0.029     18.676      0.000
    BASIC3             0.480      0.026     18.688      0.000

Group GER

    Observed                                        Two-Tailed
    Variable        Estimate       S.E.  Est./S.E.    P-Value

    INCD3              0.365      0.017     20.879      0.000
    JOBS3              0.495      0.021     23.929      0.000
    BASIC3             0.442      0.021     20.839      0.000

Group NZ

    Observed                                        Two-Tailed
    Variable        Estimate       S.E.  Est./S.E.    P-Value

    INCD3              0.296      0.020     14.453      0.000
    JOBS3              0.393      0.026     15.383      0.000
    BASIC3             0.397      0.024     16.243      0.000

Group NOR

    Observed                                        Two-Tailed
    Variable        Estimate       S.E.  Est./S.E.    P-Value

    INCD3              0.228      0.016     13.921      0.000
    JOBS3              0.459      0.025     18.374      0.000
    BASIC3             0.398      0.023     17.631      0.000

Group SWE

    Observed                                        Two-Tailed
    Variable        Estimate       S.E.  Est./S.E.    P-Value

    INCD3              0.268      0.023     11.844      0.000
    JOBS3              0.566      0.038     14.979      0.000
    BASIC3             0.358      0.027     13.322      0.000

Group USA

    Observed                                        Two-Tailed
    Variable        Estimate       S.E.  Est./S.E.    P-Value

    INCD3              0.465      0.021     22.003      0.000
    JOBS3              0.585      0.023     25.033      0.000
    BASIC3             0.620      0.024     26.158      0.000


QUALITY OF NUMERICAL RESULTS

     Condition Number for the Information Matrix              0.571E-02
       (ratio of smallest to largest eigenvalue)


MODEL MODIFICATION INDICES

NOTE:  Modification indices for direct effects of observed dependent variables
regressed on covariates may not be included.  To include these, request
MODINDICES (ALL).

Minimum M.I. value for printing the modification index     4.000

                                   M.I.     E.P.C.  Std E.P.C.  StdYX E.P.C.
Group AUS


No modification indices above the minimum value.

Group AUT


No modification indices above the minimum value.

Group CAN


No modification indices above the minimum value.

Group GER


BY Statements

SCALE    BY INCD3                  6.985    -0.147     -0.072       -0.089
SCALE    BY JOBS3                  7.648    -0.144     -0.071       -0.089
SCALE    BY BASIC3                28.792     0.278      0.136        0.160

WITH Statements

JOBS3    WITH INCD3               28.848    -0.082     -0.082       -0.224
BASIC3   WITH INCD3                7.652     0.043      0.043        0.105
BASIC3   WITH JOBS3                6.986     0.046      0.046        0.129

Group NZ


BY Statements

SCALE    BY BASIC3                 4.158    -0.187     -0.090       -0.103

WITH Statements

JOBS3    WITH INCD3                4.153     0.047      0.047        0.091

Group NOR


BY Statements

SCALE    BY INCD3                 35.472     0.482      0.186        0.230
SCALE    BY JOBS3                 11.090    -0.299     -0.116       -0.177
SCALE    BY BASIC3                 7.917    -0.245     -0.095       -0.134

WITH Statements

JOBS3    WITH INCD3                7.909     0.039      0.039        0.115
BASIC3   WITH INCD3               11.080     0.049      0.049        0.125
BASIC3   WITH JOBS3               35.426    -0.095     -0.095       -0.361

Group SWE


No modification indices above the minimum value.

Group USA


No modification indices above the minimum value.



DIAGRAM INFORMATION

  Use View Diagram under the Diagram menu in the Mplus Editor to view the diagram.
  If running Mplus from the Mplus Diagrammer, the diagram opens automatically.

  Diagram output
    c:\github\svallfors-1997-replication\svallfors3.dgm

     Beginning Time:  12:18:31
        Ending Time:  12:18:31
       Elapsed Time:  00:00:00



MUTHEN & MUTHEN
3463 Stoner Ave.
Los Angeles, CA  90066

Tel: (310) 391-9971
Fax: (310) 391-8971
Web: www.StatModel.com
Support: Support@StatModel.com

Copyright (c) 1998-2018 Muthen & Muthen
