Mplus VERSION 8.3
MUTHEN & MUTHEN
03/10/2020   8:45 AM

INPUT INSTRUCTIONS

  TITLE:
  DATA: FILE = svallfors.dat;
  VARIABLE:
      NAMES = row incd jobs basic incd3 jobs3
          basic3 country male age edyrs;
      !MISSING=.;
      USEVARIABLES = incd3 jobs3 basic3;
        !GROUPING is country (752=Swe,578=Nor,276=Ger,40=Aut,
          !36=Aus,554=NZ,124=Can,840=USA);

  ANALYSIS:
      TYPE = general;
  MODEL:
      scale BY incd3(a);
      scale BY jobs3(b);
      scale BY basic3(c);





  OUTPUT:

  STDYX;



INPUT READING TERMINATED NORMALLY




SUMMARY OF ANALYSIS

Number of groups                                                 1
Number of observations                                        9892

Number of dependent variables                                    3
Number of independent variables                                  0
Number of continuous latent variables                            1

Observed dependent variables

  Continuous
   INCD3       JOBS3       BASIC3

Continuous latent variables
   SCALE


Estimator                                                       ML
Information matrix                                        OBSERVED
Maximum number of iterations                                  1000
Convergence criterion                                    0.500D-04
Maximum number of steepest descent iterations                   20

Input data file(s)
  svallfors.dat

Input data format  FREE



UNIVARIATE SAMPLE STATISTICS


     UNIVARIATE HIGHER-ORDER MOMENT DESCRIPTIVE STATISTICS

         Variable/         Mean/     Skewness/   Minimum/ % with                Percentiles
        Sample Size      Variance    Kurtosis    Maximum  Min/Max      20%/60%    40%/80%    Median

     INCD3                 1.241      -0.488       0.000   29.37%       0.000      1.000      2.000
            9892.000       0.770      -1.526       2.000   53.45%       2.000      2.000
     JOBS3                 1.301      -0.619       0.000   26.58%       0.000      1.000      2.000
            9892.000       0.742      -1.369       2.000   56.65%       2.000      2.000
     BASIC3                1.234      -0.476       0.000   30.64%       0.000      1.000      2.000
            9892.000       0.792      -1.570       2.000   54.07%       2.000      2.000


THE MODEL ESTIMATION TERMINATED NORMALLY



MODEL FIT INFORMATION

Number of Free Parameters                        9

Loglikelihood

          H0 Value                      -35556.646
          H1 Value                      -35556.646

Information Criteria

          Akaike (AIC)                   71131.292
          Bayesian (BIC)                 71196.088
          Sample-Size Adjusted BIC       71167.487
            (n* = (n + 2) / 24)

Chi-Square Test of Model Fit

          Value                              0.000
          Degrees of Freedom                     0
          P-Value                           0.0000

RMSEA (Root Mean Square Error Of Approximation)

          Estimate                           0.000
          90 Percent C.I.                    0.000  0.000
          Probability RMSEA <= .05           0.000

CFI/TLI

          CFI                                1.000
          TLI                                1.000

Chi-Square Test of Model Fit for the Baseline Model

          Value                           5262.417
          Degrees of Freedom                     3
          P-Value                           0.0000

SRMR (Standardized Root Mean Square Residual)

          Value                              0.000



MODEL RESULTS

                                                    Two-Tailed
                    Estimate       S.E.  Est./S.E.    P-Value

 SCALE    BY
    INCD3              1.000      0.000    999.000    999.000
    JOBS3              1.167      0.029     40.487      0.000
    BASIC3             1.104      0.027     41.408      0.000

 Intercepts
    INCD3              1.241      0.009    140.622      0.000
    JOBS3              1.301      0.009    150.202      0.000
    BASIC3             1.234      0.009    137.926      0.000

 Variances
    SCALE              0.284      0.011     26.741      0.000

 Residual Variances
    INCD3              0.486      0.009     51.745      0.000
    JOBS3              0.355      0.010     35.426      0.000
    BASIC3             0.446      0.010     44.543      0.000


STANDARDIZED MODEL RESULTS


STDYX Standardization

                                                    Two-Tailed
                    Estimate       S.E.  Est./S.E.    P-Value

 SCALE    BY
    INCD3              0.607      0.009     65.203      0.000
    JOBS3              0.722      0.009     76.623      0.000
    BASIC3             0.661      0.009     70.830      0.000

 Intercepts
    INCD3              1.414      0.014     99.446      0.000
    JOBS3              1.510      0.015    102.667      0.000
    BASIC3             1.387      0.014     98.479      0.000

 Variances
    SCALE              1.000      0.000    999.000    999.000

 Residual Variances
    INCD3              0.632      0.011     55.874      0.000
    JOBS3              0.479      0.014     35.240      0.000
    BASIC3             0.564      0.012     45.723      0.000


R-SQUARE

    Observed                                        Two-Tailed
    Variable        Estimate       S.E.  Est./S.E.    P-Value

    INCD3              0.368      0.011     32.601      0.000
    JOBS3              0.521      0.014     38.311      0.000
    BASIC3             0.436      0.012     35.415      0.000


QUALITY OF NUMERICAL RESULTS

     Condition Number for the Information Matrix              0.222E-01
       (ratio of smallest to largest eigenvalue)


DIAGRAM INFORMATION

  Use View Diagram under the Diagram menu in the Mplus Editor to view the diagram.
  If running Mplus from the Mplus Diagrammer, the diagram opens automatically.

  Diagram output
    c:\github\svallfors-1997-replication\semlearn.dgm

     Beginning Time:  08:45:52
        Ending Time:  08:45:52
       Elapsed Time:  00:00:00



MUTHEN & MUTHEN
3463 Stoner Ave.
Los Angeles, CA  90066

Tel: (310) 391-9971
Fax: (310) 391-8971
Web: www.StatModel.com
Support: Support@StatModel.com

Copyright (c) 1998-2019 Muthen & Muthen
