Mplus VERSION 8.2
MUTHEN & MUTHEN
03/03/2020   7:52 PM

INPUT INSTRUCTIONS

  TITLE: Your title goes here
  DATA: FILE = "C:/data/svallfors.dat";
  VARIABLE:
  NAMES = row incd jobs basic incd3 jobs3 basic3 country male age edyrs;
  !MISSING=.;
  USEVARIABLES = incd jobs basic;

  ANALYSIS:
  MODEL = NOMEANSTRUCTURE;
  INFORMATION = EXPECTED;
  MODEL:
  scale BY incd jobs basic;

  OUTPUT:

  STDYX;



INPUT READING TERMINATED NORMALLY



Your title goes here

SUMMARY OF ANALYSIS

Number of groups                                                 1
Number of observations                                        8368

Number of dependent variables                                    3
Number of independent variables                                  0
Number of continuous latent variables                            1

Observed dependent variables

  Continuous
   INCD        JOBS        BASIC

Continuous latent variables
   SCALE


Estimator                                                       ML
Information matrix                                        EXPECTED
Maximum number of iterations                                  1000
Convergence criterion                                    0.500D-04
Maximum number of steepest descent iterations                   20

Input data file(s)
  C:/data/svallfors.dat

Input data format  FREE



UNIVARIATE SAMPLE STATISTICS


     UNIVARIATE HIGHER-ORDER MOMENT DESCRIPTIVE STATISTICS

         Variable/         Mean/     Skewness/   Minimum/ % with                Percentiles
        Sample Size      Variance    Kurtosis    Maximum  Min/Max      20%/60%    40%/80%    Median

     INCD                  3.338      -0.364       1.000    7.25%       2.000      3.000      4.000
            8368.000       1.416      -0.922       5.000   15.98%       4.000      4.000
     JOBS                  3.472      -0.401       1.000    5.39%       2.000      3.000      4.000
            8368.000       1.418      -0.914       5.000   21.44%       4.000      5.000
     BASIC                 3.362      -0.385       1.000    7.98%       2.000      3.000      4.000
            8368.000       1.505      -0.969       5.000   18.14%       4.000      4.000


THE MODEL ESTIMATION TERMINATED NORMALLY



MODEL FIT INFORMATION

Number of Free Parameters                        6

Loglikelihood

          H0 Value                      -37346.254
          H1 Value                      -37346.254

Information Criteria

          Akaike (AIC)                   74704.508
          Bayesian (BIC)                 74746.701
          Sample-Size Adjusted BIC       74727.635
            (n* = (n + 2) / 24)

Chi-Square Test of Model Fit

          Value                              0.000
          Degrees of Freedom                     0
          P-Value                           0.0000

RMSEA (Root Mean Square Error Of Approximation)

          Estimate                           0.000
          90 Percent C.I.                    0.000  0.000
          Probability RMSEA <= .05           0.000

CFI/TLI

          CFI                                1.000
          TLI                                1.000

Chi-Square Test of Model Fit for the Baseline Model

          Value                           5799.956
          Degrees of Freedom                     3
          P-Value                           0.0000

SRMR (Standardized Root Mean Square Residual)

          Value                              0.000



MODEL RESULTS

                                                    Two-Tailed
                    Estimate       S.E.  Est./S.E.    P-Value

 SCALE    BY
    INCD               1.000      0.000    999.000    999.000
    JOBS               1.219      0.028     44.036      0.000
    BASIC              1.161      0.026     44.786      0.000

 Variances
    SCALE              0.566      0.021     27.376      0.000

 Residual Variances
    INCD               0.850      0.017     49.611      0.000
    JOBS               0.577      0.019     31.008      0.000
    BASIC              0.742      0.019     39.577      0.000


STANDARDIZED MODEL RESULTS


STDYX Standardization

                                                    Two-Tailed
                    Estimate       S.E.  Est./S.E.    P-Value

 SCALE    BY
    INCD               0.632      0.009     70.345      0.000
    JOBS               0.770      0.009     88.483      0.000
    BASIC              0.712      0.009     81.218      0.000

 Variances
    SCALE              1.000      0.000    999.000    999.000

 Residual Variances
    INCD               0.600      0.011     52.825      0.000
    JOBS               0.407      0.013     30.366      0.000
    BASIC              0.493      0.012     39.472      0.000


R-SQUARE

    Observed                                        Two-Tailed
    Variable        Estimate       S.E.  Est./S.E.    P-Value

    INCD               0.400      0.011     35.172      0.000
    JOBS               0.593      0.013     44.241      0.000
    BASIC              0.507      0.012     40.609      0.000


QUALITY OF NUMERICAL RESULTS

     Condition Number for the Information Matrix              0.614E-01
       (ratio of smallest to largest eigenvalue)


DIAGRAM INFORMATION

  Use View Diagram under the Diagram menu in the Mplus Editor to view the diagram.
  If running Mplus from the Mplus Diagrammer, the diagram opens automatically.

  Diagram output
    c:\github\svallfors-1997-replication\svallfors.dgm

     Beginning Time:  19:52:54
        Ending Time:  19:52:54
       Elapsed Time:  00:00:00



MUTHEN & MUTHEN
3463 Stoner Ave.
Los Angeles, CA  90066

Tel: (310) 391-9971
Fax: (310) 391-8971
Web: www.StatModel.com
Support: Support@StatModel.com

Copyright (c) 1998-2018 Muthen & Muthen
