Mplus VERSION 8.3
MUTHEN & MUTHEN
03/10/2020   8:57 AM

INPUT INSTRUCTIONS

  TITLE:

  Model list (those ending in "c" use the original variables,
  without "c" are Svallfors collapsed categories).

  Those ending in "lca" are latent class analyses looking to recover
  2 classes of respondents, like the extreme U-shaped distribution
  of Svallfors' coding scheme.

  svallfors1 = Multigroup model everything constrained except latent means

  svallfors2 = This model includes fixed factor loadings by group
  and intercepts for jobs allowed to vary other two fixed,
  , but means allowed to vary by group;

  svallfors3 = everything free by group, except factor loadings
  DATA: FILE = svallfors.dat;
  VARIABLE:
        NAMES = row incd jobs basic incd3 jobs3
            basic3 country male age edyrs;
        !MISSING=.;

        USEVARIABLES = incd jobs basic;
          !GROUPING is country (752=Swe,578=Nor,276=Ger,40=Aut,
            !36=Aus,554=NZ,124=Can,840=USA);
        CLASSES = c(3);
        KNOWNCLASS = c(jobs3 = 0-2);

  ANALYSIS:
      TYPE = mixture;

  OUTPUT:



*** WARNING in MODEL command
  All variables are uncorrelated with all other variables within class.
  Check that this is what is intended.
   1 WARNING(S) FOUND IN THE INPUT INSTRUCTIONS





Model list (those ending in "c" use the original variables,
without "c" are Svallfors collapsed categories).

Those ending in "lca" are latent class analyses looking to recover
2 classes of respondents, like the extreme U-shaped distribution
of Svallfors' coding scheme.

svallfors1 = Multigroup model everything constrained except latent means

svallfors2 = This model includes fixed factor loadings by group
and intercepts for jobs allowed to vary other two fixed,
, but means allowed to vary by group;

svallfors3 = everything free by group, except factor loadings

SUMMARY OF ANALYSIS

Number of groups                                                 1
Number of observations                                        9892

Number of dependent variables                                    3
Number of independent variables                                  0
Number of continuous latent variables                            0
Number of categorical latent variables                           1

Observed dependent variables

  Continuous
   INCD        JOBS        BASIC

Categorical latent variables
   C

  Knownclass            C


Estimator                                                      MLR
Information matrix                                        OBSERVED
Optimization Specifications for the Quasi-Newton Algorithm for
Continuous Outcomes
  Maximum number of iterations                                 100
  Convergence criterion                                  0.100D-05
Optimization Specifications for the EM Algorithm
  Maximum number of iterations                                 500
  Convergence criteria
    Loglikelihood change                                 0.100D-06
    Relative loglikelihood change                        0.100D-06
    Derivative                                           0.100D-05
Optimization Specifications for the M step of the EM Algorithm for
Categorical Latent variables
  Number of M step iterations                                    1
  M step convergence criterion                           0.100D-05
  Basis for M step termination                           ITERATION
Optimization Specifications for the M step of the EM Algorithm for
Censored, Binary or Ordered Categorical (Ordinal), Unordered
Categorical (Nominal) and Count Outcomes
  Number of M step iterations                                    1
  M step convergence criterion                           0.100D-05
  Basis for M step termination                           ITERATION
  Maximum value for logit thresholds                            15
  Minimum value for logit thresholds                           -15
  Minimum expected cell size for chi-square              0.100D-01
Optimization algorithm                                         EMA

Input data file(s)
  svallfors.dat
Input data format  FREE



UNIVARIATE SAMPLE STATISTICS


     UNIVARIATE HIGHER-ORDER MOMENT DESCRIPTIVE STATISTICS

         Variable/         Mean/     Skewness/   Minimum/ % with                Percentiles
        Sample Size      Variance    Kurtosis    Maximum  Min/Max      20%/60%    40%/80%    Median

     INCD                  3.326      -0.350       1.000    7.63%       2.000      3.000      4.000
            9892.000       1.434      -0.935       5.000   16.10%       4.000      4.000
     JOBS                  3.457      -0.388       1.000    5.68%       2.000      3.000      4.000
            9892.000       1.433      -0.926       5.000   21.28%       4.000      5.000
     BASIC                 3.325      -0.346       1.000    8.51%       2.000      3.000      4.000
            9892.000       1.524      -1.007       5.000   17.56%       4.000      4.000

     THE STANDARD ERRORS OF THE MODEL PARAMETER ESTIMATES MAY NOT BE
     TRUSTWORTHY FOR SOME PARAMETERS DUE TO A NON-POSITIVE DEFINITE
     FIRST-ORDER DERIVATIVE PRODUCT MATRIX.  THIS MAY BE DUE TO THE STARTING
     VALUES BUT MAY ALSO BE AN INDICATION OF MODEL NONIDENTIFICATION.  THE
     CONDITION NUMBER IS       0.267D-16.  PROBLEM INVOLVING THE FOLLOWING PARAMETER:
     Parameter 14, [ C#2 ]


THE MODEL ESTIMATION TERMINATED NORMALLY



MODEL FIT INFORMATION

Number of Free Parameters                       14

Loglikelihood

          H0 Value                      -44624.657
          H0 Scaling Correction Factor      0.8892
            for MLR

Information Criteria

          Akaike (AIC)                   89277.313
          Bayesian (BIC)                 89378.106
          Sample-Size Adjusted BIC       89333.616
            (n* = (n + 2) / 24)



FINAL CLASS COUNTS AND PROPORTIONS FOR THE LATENT CLASSES
BASED ON THE ESTIMATED MODEL

    Latent
   Classes

       1       2629.00000          0.26577
       2       1659.00000          0.16771
       3       5604.00000          0.56652


MODEL RESULTS

                                                    Two-Tailed
                    Estimate       S.E.  Est./S.E.    P-Value

Latent Class 1 (0)

 Means
    INCD               2.488      0.022    111.428      0.000
    JOBS               1.786      0.008    223.401      0.000
    BASIC              2.406      0.023    106.730      0.000

 Variances
    INCD               1.149      0.015     77.265      0.000
    JOBS               0.178      0.002    101.947      0.000
    BASIC              1.163      0.016     74.407      0.000

Latent Class 2 (1)

 Means
    INCD               3.252      0.025    128.137      0.000
    JOBS               3.000      0.000  *********      0.000
    BASIC              3.154      0.024    130.887      0.000

 Variances
    INCD               1.149      0.015     77.265      0.000
    JOBS               0.178      0.002    101.947      0.000
    BASIC              1.163      0.016     74.407      0.000

Latent Class 3 (2)

 Means
    INCD               3.740      0.014    267.258      0.000
    JOBS               4.376      0.006    676.378      0.000
    BASIC              3.806      0.014    266.743      0.000

 Variances
    INCD               1.149      0.015     77.265      0.000
    JOBS               0.178      0.002    101.947      0.000
    BASIC              1.163      0.016     74.407      0.000

Categorical Latent Variables

 Means
    C#1               -0.757      0.024    -32.018      0.000
    C#2               -1.217      0.028    -43.551      0.000


QUALITY OF NUMERICAL RESULTS

     Condition Number for the Information Matrix              0.267E-16
       (ratio of smallest to largest eigenvalue)


TECHNICAL 1 OUTPUT


     PARAMETER SPECIFICATION FOR LATENT CLASS 1 (0)


           NU
              INCD          JOBS          BASIC
              ________      ________      ________
                    1             2             3


           THETA
              INCD          JOBS          BASIC
              ________      ________      ________
 INCD               4
 JOBS               0             5
 BASIC              0             0             6


     PARAMETER SPECIFICATION FOR LATENT CLASS 2 (1)


           NU
              INCD          JOBS          BASIC
              ________      ________      ________
                    7             8             9


           THETA
              INCD          JOBS          BASIC
              ________      ________      ________
 INCD               4
 JOBS               0             5
 BASIC              0             0             6


     PARAMETER SPECIFICATION FOR LATENT CLASS 3 (2)


           NU
              INCD          JOBS          BASIC
              ________      ________      ________
                   10            11            12


           THETA
              INCD          JOBS          BASIC
              ________      ________      ________
 INCD               4
 JOBS               0             5
 BASIC              0             0             6


     PARAMETER SPECIFICATION FOR LATENT CLASS REGRESSION MODEL PART


           ALPHA(C)
              C#1           C#2           C#3
              ________      ________      ________
                   13            14             0


     STARTING VALUES FOR LATENT CLASS 1 (0)


           NU
              INCD          JOBS          BASIC
              ________      ________      ________
                2.128         2.260         2.090


           THETA
              INCD          JOBS          BASIC
              ________      ________      ________
 INCD           0.717
 JOBS           0.000         0.716
 BASIC          0.000         0.000         0.762


     STARTING VALUES FOR LATENT CLASS 2 (1)


           NU
              INCD          JOBS          BASIC
              ________      ________      ________
                3.326         3.457         3.325


           THETA
              INCD          JOBS          BASIC
              ________      ________      ________
 INCD           0.717
 JOBS           0.000         0.716
 BASIC          0.000         0.000         0.762


     STARTING VALUES FOR LATENT CLASS 3 (2)


           NU
              INCD          JOBS          BASIC
              ________      ________      ________
                4.523         4.654         4.559


           THETA
              INCD          JOBS          BASIC
              ________      ________      ________
 INCD           0.717
 JOBS           0.000         0.716
 BASIC          0.000         0.000         0.762


     STARTING VALUES FOR LATENT CLASS REGRESSION MODEL PART


           ALPHA(C)
              C#1           C#2           C#3
              ________      ________      ________
                0.000         0.000         0.000


DIAGRAM INFORMATION

  Mplus diagrams are currently not available for Mixture analysis.
  No diagram output was produced.


     Beginning Time:  08:57:57
        Ending Time:  08:57:57
       Elapsed Time:  00:00:00



MUTHEN & MUTHEN
3463 Stoner Ave.
Los Angeles, CA  90066

Tel: (310) 391-9971
Fax: (310) 391-8971
Web: www.StatModel.com
Support: Support@StatModel.com

Copyright (c) 1998-2019 Muthen & Muthen
