Mplus VERSION 8.2
MUTHEN & MUTHEN
03/06/2020  12:26 PM

INPUT INSTRUCTIONS

  TITLE:

  Model list (those ending in "c" use the original variables,
  without "c" are Svallfors collapsed categories).

  svallfors1 = Multigroup model everything constrained except latent means

  svallfors2 = This model includes fixed factor loadings by group
  and intercepts for jobs allowed to vary other two fixed,
  , but means allowed to vary by group;

  svallfors3 = everything free by group, except factor loadings

  DATA: FILE = svallfors.dat;
  VARIABLE:
      NAMES = row incd jobs basic incd3 jobs3
          basic3 country male age edyrs;
      !MISSING=.;
      USEVARIABLES = incd jobs basic;
        GROUPING is country (752=Swe,578=Nor,276=Ger,40=Aut,
          36=Aus,554=NZ,124=Can,840=USA);

  ANALYSIS:
      TYPE = general;
  MODEL:
      scale BY incd(a);
      scale BY jobs(b);
      scale BY basic(c);
      basic;
      jobs*;
      incd*;
      [jobs*];
      [incd*];
      [jobs*];


  OUTPUT:

  STDYX; MODINDICES(4);



INPUT READING TERMINATED NORMALLY





Model list (those ending in "c" use the original variables,
without "c" are Svallfors collapsed categories).

svallfors1 = Multigroup model everything constrained except latent means

svallfors2 = This model includes fixed factor loadings by group
and intercepts for jobs allowed to vary other two fixed,
, but means allowed to vary by group;

svallfors3 = everything free by group, except factor loadings

SUMMARY OF ANALYSIS

Number of groups                                                 8
Number of observations
   Group AUS                                                  1979
   Group AUT                                                   918
   Group CAN                                                   866
   Group GER                                                  1840
   Group NZ                                                   1117
   Group NOR                                                  1342
   Group SWE                                                   658
   Group USA                                                  1172
   Total sample size                                          9892

Number of dependent variables                                    3
Number of independent variables                                  0
Number of continuous latent variables                            1

Observed dependent variables

  Continuous
   INCD        JOBS        BASIC

Continuous latent variables
   SCALE

Variables with special functions

  Grouping variable     COUNTRY

Estimator                                                       ML
Information matrix                                        OBSERVED
Maximum number of iterations                                  1000
Convergence criterion                                    0.500D-04
Maximum number of steepest descent iterations                   20

Input data file(s)
  svallfors.dat

Input data format  FREE



UNIVARIATE SAMPLE STATISTICS


     UNIVARIATE HIGHER-ORDER MOMENT DESCRIPTIVE STATISTICS FOR AUS

         Variable/         Mean/     Skewness/   Minimum/ % with                Percentiles
        Sample Size      Variance    Kurtosis    Maximum  Min/Max      20%/60%    40%/80%    Median

     INCD                  3.061      -0.056       1.000    8.14%       2.000      3.000      3.000
            1979.000       1.333      -1.044       5.000    9.75%       4.000      4.000
     JOBS                  3.029       0.059       1.000    6.82%       2.000      3.000      3.000
            1979.000       1.270      -1.002       5.000    9.60%       3.000      4.000
     BASIC                 3.238      -0.285       1.000    5.81%       2.000      3.000      4.000
            1979.000       1.236      -0.926       5.000   10.26%       4.000      4.000


     UNIVARIATE HIGHER-ORDER MOMENT DESCRIPTIVE STATISTICS FOR AUT

         Variable/         Mean/     Skewness/   Minimum/ % with                Percentiles
        Sample Size      Variance    Kurtosis    Maximum  Min/Max      20%/60%    40%/80%    Median

     INCD                  3.748      -0.774       1.000    4.14%       3.000      4.000      4.000
             918.000       1.267      -0.273       5.000   27.67%       4.000      5.000
     JOBS                  3.856      -0.922       1.000    4.14%       3.000      4.000      4.000
             918.000       1.186       0.192       5.000   31.26%       4.000      5.000
     BASIC                 3.212      -0.342       1.000   12.20%       2.000      3.000      4.000
             918.000       1.579      -1.015       5.000   14.27%       4.000      4.000


     UNIVARIATE HIGHER-ORDER MOMENT DESCRIPTIVE STATISTICS FOR CAN

         Variable/         Mean/     Skewness/   Minimum/ % with                Percentiles
        Sample Size      Variance    Kurtosis    Maximum  Min/Max      20%/60%    40%/80%    Median

     INCD                  3.224      -0.217       1.000    9.70%       2.000      3.000      3.000
             866.000       1.520      -1.007       5.000   16.40%       4.000      4.000
     JOBS                  3.012       0.099       1.000   11.09%       2.000      2.000      3.000
             866.000       1.593      -1.138       5.000   15.13%       3.000      4.000
     BASIC                 3.143      -0.103       1.000   11.55%       2.000      3.000      3.000
             866.000       1.728      -1.266       5.000   17.67%       4.000      4.000


     UNIVARIATE HIGHER-ORDER MOMENT DESCRIPTIVE STATISTICS FOR GER

         Variable/         Mean/     Skewness/   Minimum/ % with                Percentiles
        Sample Size      Variance    Kurtosis    Maximum  Min/Max      20%/60%    40%/80%    Median

     INCD                  3.630      -0.729       1.000    5.00%       3.000      4.000      4.000
            1840.000       1.240      -0.281       5.000   20.98%       4.000      5.000
     JOBS                  3.666      -0.729       1.000    4.51%       3.000      4.000      4.000
            1840.000       1.219      -0.251       5.000   22.55%       4.000      5.000
     BASIC                 3.431      -0.473       1.000    7.61%       2.000      3.000      4.000
            1840.000       1.487      -0.867       5.000   19.51%       4.000      4.000


     UNIVARIATE HIGHER-ORDER MOMENT DESCRIPTIVE STATISTICS FOR NZ

         Variable/         Mean/     Skewness/   Minimum/ % with                Percentiles
        Sample Size      Variance    Kurtosis    Maximum  Min/Max      20%/60%    40%/80%    Median

     INCD                  3.299      -0.310       1.000    7.70%       2.000      3.000      4.000
            1117.000       1.456      -1.003       5.000   15.85%       4.000      4.000
     JOBS                  3.308      -0.125       1.000    5.10%       2.000      3.000      3.000
            1117.000       1.450      -1.150       5.000   19.16%       4.000      4.000
     BASIC                 3.494      -0.459       1.000    5.10%       2.000      4.000      4.000
            1117.000       1.407      -0.897       5.000   20.86%       4.000      5.000


     UNIVARIATE HIGHER-ORDER MOMENT DESCRIPTIVE STATISTICS FOR NOR

         Variable/         Mean/     Skewness/   Minimum/ % with                Percentiles
        Sample Size      Variance    Kurtosis    Maximum  Min/Max      20%/60%    40%/80%    Median

     INCD                  3.460      -0.549       1.000    5.96%       2.000      3.000      4.000
            1342.000       1.292      -0.627       5.000   16.17%       4.000      4.000
     JOBS                  4.040      -0.943       1.000    1.12%       3.000      4.000      4.000
            1342.000       0.937       0.302       5.000   37.03%       4.000      5.000
     BASIC                 3.981      -1.026       1.000    2.31%       3.000      4.000      4.000
            1342.000       1.072       0.394       5.000   35.32%       4.000      5.000


     UNIVARIATE HIGHER-ORDER MOMENT DESCRIPTIVE STATISTICS FOR SWE

         Variable/         Mean/     Skewness/   Minimum/ % with                Percentiles
        Sample Size      Variance    Kurtosis    Maximum  Min/Max      20%/60%    40%/80%    Median

     INCD                  3.298      -0.340       1.000    9.73%       2.000      3.000      4.000
             658.000       1.543      -0.974       5.000   17.33%       4.000      4.000
     JOBS                  3.851      -0.796       1.000    2.28%       3.000      4.000      4.000
             658.000       0.987       0.194       5.000   27.36%       4.000      5.000
     BASIC                 3.087      -0.213       1.000   11.25%       2.000      3.000      3.000
             658.000       1.377      -0.893       5.000   10.03%       4.000      4.000


     UNIVARIATE HIGHER-ORDER MOMENT DESCRIPTIVE STATISTICS FOR USA

         Variable/         Mean/     Skewness/   Minimum/ % with                Percentiles
        Sample Size      Variance    Kurtosis    Maximum  Min/Max      20%/60%    40%/80%    Median

     INCD                  2.924       0.030       1.000   12.80%       2.000      2.000      3.000
            1172.000       1.466      -1.093       5.000    9.39%       3.000      4.000
     JOBS                  3.119      -0.058       1.000   10.49%       2.000      2.000      3.000
            1172.000       1.654      -1.245       5.000   16.30%       4.000      4.000
     BASIC                 2.747       0.247       1.000   18.17%       2.000      2.000      2.000
            1172.000       1.634      -1.136       5.000   10.07%       3.000      4.000


THE MODEL ESTIMATION TERMINATED NORMALLY



MODEL FIT INFORMATION

Number of Free Parameters                       58

Loglikelihood

          H0 Value                      -43084.406
          H1 Value                      -43057.863

Information Criteria

          Akaike (AIC)                   86284.813
          Bayesian (BIC)                 86702.383
          Sample-Size Adjusted BIC       86518.067
            (n* = (n + 2) / 24)

Chi-Square Test of Model Fit

          Value                             53.086
          Degrees of Freedom                    14
          P-Value                           0.0000

Chi-Square Contribution From Each Group

          AUS                                1.019
          AUT                                1.217
          CAN                                4.631
          GER                               25.145
          NZ                                 3.279
          NOR                               12.200
          SWE                                3.131
          USA                                2.464

RMSEA (Root Mean Square Error Of Approximation)

          Estimate                           0.048
          90 Percent C.I.                    0.034  0.061
          Probability RMSEA <= .05           0.592

CFI/TLI

          CFI                                0.994
          TLI                                0.990

Chi-Square Test of Model Fit for the Baseline Model

          Value                           6752.578
          Degrees of Freedom                    24
          P-Value                           0.0000

SRMR (Standardized Root Mean Square Residual)

          Value                              0.033



MODEL RESULTS

                                                    Two-Tailed
                    Estimate       S.E.  Est./S.E.    P-Value

Group AUS

 SCALE    BY
    INCD               1.000      0.000    999.000    999.000
    JOBS               1.170      0.024     47.889      0.000
    BASIC              1.168      0.024     48.233      0.000

 Means
    SCALE              0.000      0.000    999.000    999.000

 Intercepts
    INCD               3.061      0.026    117.905      0.000
    JOBS               3.029      0.025    120.168      0.000
    BASIC              3.238      0.025    128.927      0.000

 Variances
    SCALE              0.512      0.026     19.547      0.000

 Residual Variances
    INCD               0.822      0.031     26.183      0.000
    JOBS               0.557      0.028     20.052      0.000
    BASIC              0.550      0.027     20.091      0.000

Group AUT

 SCALE    BY
    INCD               1.000      0.000    999.000    999.000
    JOBS               1.170      0.024     47.889      0.000
    BASIC              1.168      0.024     48.233      0.000

 Means
    SCALE             -0.022      0.042     -0.526      0.599

 Intercepts
    INCD               3.770      0.049     76.993      0.000
    JOBS               3.882      0.052     74.906      0.000
    BASIC              3.238      0.025    128.927      0.000

 Variances
    SCALE              0.329      0.029     11.207      0.000

 Residual Variances
    INCD               0.930      0.052     17.935      0.000
    JOBS               0.726      0.048     14.982      0.000
    BASIC              1.155      0.065     17.633      0.000

Group CAN

 SCALE    BY
    INCD               1.000      0.000    999.000    999.000
    JOBS               1.170      0.024     47.889      0.000
    BASIC              1.168      0.024     48.233      0.000

 Means
    SCALE             -0.081      0.045     -1.818      0.069

 Intercepts
    INCD               3.305      0.045     73.540      0.000
    JOBS               3.107      0.047     66.299      0.000
    BASIC              3.238      0.025    128.927      0.000

 Variances
    SCALE              0.738      0.049     15.022      0.000

 Residual Variances
    INCD               0.758      0.046     16.452      0.000
    JOBS               0.546      0.045     12.258      0.000
    BASIC              0.802      0.053     15.047      0.000

Group GER

 SCALE    BY
    INCD               1.000      0.000    999.000    999.000
    JOBS               1.170      0.024     47.889      0.000
    BASIC              1.168      0.024     48.233      0.000

 Means
    SCALE              0.165      0.032      5.145      0.000

 Intercepts
    INCD               3.465      0.034    101.901      0.000
    JOBS               3.473      0.036     96.328      0.000
    BASIC              3.238      0.025    128.927      0.000

 Variances
    SCALE              0.532      0.027     19.345      0.000

 Residual Variances
    INCD               0.762      0.031     24.559      0.000
    JOBS               0.523      0.028     18.681      0.000
    BASIC              0.673      0.032     20.803      0.000

Group NZ

 SCALE    BY
    INCD               1.000      0.000    999.000    999.000
    JOBS               1.170      0.024     47.889      0.000
    BASIC              1.168      0.024     48.233      0.000

 Means
    SCALE              0.219      0.038      5.797      0.000

 Intercepts
    INCD               3.080      0.043     72.205      0.000
    JOBS               3.051      0.045     68.196      0.000
    BASIC              3.238      0.025    128.927      0.000

 Variances
    SCALE              0.503      0.034     14.804      0.000

 Residual Variances
    INCD               0.936      0.048     19.541      0.000
    JOBS               0.738      0.045     16.239      0.000
    BASIC              0.758      0.046     16.624      0.000

Group NOR

 SCALE    BY
    INCD               1.000      0.000    999.000    999.000
    JOBS               1.170      0.024     47.889      0.000
    BASIC              1.168      0.024     48.233      0.000

 Means
    SCALE              0.637      0.035     18.129      0.000

 Intercepts
    INCD               2.823      0.039     71.867      0.000
    JOBS               3.296      0.040     82.871      0.000
    BASIC              3.238      0.025    128.927      0.000

 Variances
    SCALE              0.400      0.025     16.254      0.000

 Residual Variances
    INCD               0.817      0.037     22.178      0.000
    JOBS               0.413      0.027     15.531      0.000
    BASIC              0.545      0.031     17.867      0.000

Group SWE

 SCALE    BY
    INCD               1.000      0.000    999.000    999.000
    JOBS               1.170      0.024     47.889      0.000
    BASIC              1.168      0.024     48.233      0.000

 Means
    SCALE             -0.130      0.045     -2.864      0.004

 Intercepts
    INCD               3.428      0.054     63.099      0.000
    JOBS               4.003      0.050     80.664      0.000
    BASIC              3.238      0.025    128.927      0.000

 Variances
    SCALE              0.444      0.037     11.968      0.000

 Residual Variances
    INCD               1.037      0.065     15.935      0.000
    JOBS               0.383      0.040      9.637      0.000
    BASIC              0.812      0.058     14.035      0.000

Group USA

 SCALE    BY
    INCD               1.000      0.000    999.000    999.000
    JOBS               1.170      0.024     47.889      0.000
    BASIC              1.168      0.024     48.233      0.000

 Means
    SCALE             -0.420      0.039    -10.678      0.000

 Intercepts
    INCD               3.344      0.039     85.957      0.000
    JOBS               3.610      0.041     87.751      0.000
    BASIC              3.238      0.025    128.927      0.000

 Variances
    SCALE              0.779      0.045     17.491      0.000

 Residual Variances
    INCD               0.739      0.038     19.421      0.000
    JOBS               0.570      0.037     15.260      0.000
    BASIC              0.551      0.037     15.000      0.000


STANDARDIZED MODEL RESULTS


STDYX Standardization

                                                    Two-Tailed
                    Estimate       S.E.  Est./S.E.    P-Value

Group AUS

 SCALE    BY
    INCD               0.620      0.013     48.030      0.000
    JOBS               0.746      0.013     57.917      0.000
    BASIC              0.748      0.013     59.415      0.000

 Means
    SCALE              0.000      0.000    999.000    999.000

 Intercepts
    INCD               2.650      0.044     60.018      0.000
    JOBS               2.701      0.046     58.322      0.000
    BASIC              2.898      0.049     58.683      0.000

 Variances
    SCALE              1.000      0.000    999.000    999.000

 Residual Variances
    INCD               0.616      0.016     38.528      0.000
    JOBS               0.443      0.019     23.013      0.000
    BASIC              0.440      0.019     23.376      0.000

Group AUT

 SCALE    BY
    INCD               0.511      0.021     24.165      0.000
    JOBS               0.619      0.024     25.886      0.000
    BASIC              0.529      0.021     25.002      0.000

 Means
    SCALE             -0.038      0.073     -0.525      0.599

 Intercepts
    INCD               3.360      0.086     39.027      0.000
    JOBS               3.579      0.094     38.255      0.000
    BASIC              2.557      0.061     42.068      0.000

 Variances
    SCALE              1.000      0.000    999.000    999.000

 Residual Variances
    INCD               0.739      0.022     34.124      0.000
    JOBS               0.617      0.030     20.859      0.000
    BASIC              0.720      0.022     32.143      0.000

Group CAN

 SCALE    BY
    INCD               0.702      0.017     41.553      0.000
    JOBS               0.806      0.016     49.363      0.000
    BASIC              0.746      0.016     46.941      0.000

 Means
    SCALE             -0.095      0.052     -1.816      0.069

 Intercepts
    INCD               2.702      0.068     39.784      0.000
    JOBS               2.491      0.067     37.071      0.000
    BASIC              2.408      0.057     42.059      0.000

 Variances
    SCALE              1.000      0.000    999.000    999.000

 Residual Variances
    INCD               0.507      0.024     21.344      0.000
    JOBS               0.351      0.026     13.333      0.000
    BASIC              0.443      0.024     18.700      0.000

Group GER

 SCALE    BY
    INCD               0.641      0.013     49.333      0.000
    JOBS               0.763      0.013     60.081      0.000
    BASIC              0.720      0.014     52.108      0.000

 Means
    SCALE              0.227      0.044      5.129      0.000

 Intercepts
    INCD               3.046      0.056     54.706      0.000
    JOBS               3.105      0.059     52.226      0.000
    BASIC              2.738      0.046     59.430      0.000

 Variances
    SCALE              1.000      0.000    999.000    999.000

 Residual Variances
    INCD               0.589      0.017     35.335      0.000
    JOBS               0.418      0.019     21.599      0.000
    BASIC              0.481      0.020     24.162      0.000

Group NZ

 SCALE    BY
    INCD               0.591      0.017     34.299      0.000
    JOBS               0.695      0.018     38.664      0.000
    BASIC              0.689      0.017     40.047      0.000

 Means
    SCALE              0.309      0.054      5.737      0.000

 Intercepts
    INCD               2.567      0.061     42.025      0.000
    JOBS               2.555      0.063     40.399      0.000
    BASIC              2.694      0.059     45.950      0.000

 Variances
    SCALE              1.000      0.000    999.000    999.000

 Residual Variances
    INCD               0.650      0.020     31.919      0.000
    JOBS               0.517      0.025     20.729      0.000
    BASIC              0.525      0.024     22.125      0.000

Group NOR

 SCALE    BY
    INCD               0.573      0.016     36.585      0.000
    JOBS               0.755      0.015     49.041      0.000
    BASIC              0.707      0.015     45.989      0.000

 Means
    SCALE              1.006      0.059     17.019      0.000

 Intercepts
    INCD               2.559      0.057     44.625      0.000
    JOBS               3.363      0.076     44.103      0.000
    BASIC              3.100      0.062     50.105      0.000

 Variances
    SCALE              1.000      0.000    999.000    999.000

 Residual Variances
    INCD               0.671      0.018     37.345      0.000
    JOBS               0.430      0.023     18.500      0.000
    BASIC              0.500      0.022     22.971      0.000

Group SWE

 SCALE    BY
    INCD               0.548      0.021     26.275      0.000
    JOBS               0.783      0.022     34.868      0.000
    BASIC              0.654      0.021     31.471      0.000

 Means
    SCALE             -0.195      0.068     -2.850      0.004

 Intercepts
    INCD               2.816      0.082     34.504      0.000
    JOBS               4.021      0.119     33.810      0.000
    BASIC              2.720      0.074     36.747      0.000

 Variances
    SCALE              1.000      0.000    999.000    999.000

 Residual Variances
    INCD               0.700      0.023     30.676      0.000
    JOBS               0.387      0.035     10.993      0.000
    BASIC              0.573      0.027     21.086      0.000

Group USA

 SCALE    BY
    INCD               0.716      0.014     51.552      0.000
    JOBS               0.807      0.013     61.348      0.000
    BASIC              0.811      0.013     61.838      0.000

 Means
    SCALE             -0.476      0.045    -10.484      0.000

 Intercepts
    INCD               2.714      0.058     46.764      0.000
    JOBS               2.823      0.062     45.482      0.000
    BASIC              2.549      0.053     47.982      0.000

 Variances
    SCALE              1.000      0.000    999.000    999.000

 Residual Variances
    INCD               0.487      0.020     24.449      0.000
    JOBS               0.348      0.021     16.400      0.000
    BASIC              0.342      0.021     16.041      0.000


R-SQUARE

Group AUS

    Observed                                        Two-Tailed
    Variable        Estimate       S.E.  Est./S.E.    P-Value

    INCD               0.384      0.016     24.015      0.000
    JOBS               0.557      0.019     28.958      0.000
    BASIC              0.560      0.019     29.707      0.000

Group AUT

    Observed                                        Two-Tailed
    Variable        Estimate       S.E.  Est./S.E.    P-Value

    INCD               0.261      0.022     12.083      0.000
    JOBS               0.383      0.030     12.943      0.000
    BASIC              0.280      0.022     12.501      0.000

Group CAN

    Observed                                        Two-Tailed
    Variable        Estimate       S.E.  Est./S.E.    P-Value

    INCD               0.493      0.024     20.777      0.000
    JOBS               0.649      0.026     24.681      0.000
    BASIC              0.557      0.024     23.471      0.000

Group GER

    Observed                                        Two-Tailed
    Variable        Estimate       S.E.  Est./S.E.    P-Value

    INCD               0.411      0.017     24.666      0.000
    JOBS               0.582      0.019     30.041      0.000
    BASIC              0.519      0.020     26.054      0.000

Group NZ

    Observed                                        Two-Tailed
    Variable        Estimate       S.E.  Est./S.E.    P-Value

    INCD               0.350      0.020     17.149      0.000
    JOBS               0.483      0.025     19.332      0.000
    BASIC              0.475      0.024     20.023      0.000

Group NOR

    Observed                                        Two-Tailed
    Variable        Estimate       S.E.  Est./S.E.    P-Value

    INCD               0.329      0.018     18.292      0.000
    JOBS               0.570      0.023     24.521      0.000
    BASIC              0.500      0.022     22.994      0.000

Group SWE

    Observed                                        Two-Tailed
    Variable        Estimate       S.E.  Est./S.E.    P-Value

    INCD               0.300      0.023     13.137      0.000
    JOBS               0.613      0.035     17.434      0.000
    BASIC              0.427      0.027     15.735      0.000

Group USA

    Observed                                        Two-Tailed
    Variable        Estimate       S.E.  Est./S.E.    P-Value

    INCD               0.513      0.020     25.776      0.000
    JOBS               0.652      0.021     30.674      0.000
    BASIC              0.658      0.021     30.919      0.000


QUALITY OF NUMERICAL RESULTS

     Condition Number for the Information Matrix              0.427E-02
       (ratio of smallest to largest eigenvalue)


MODEL MODIFICATION INDICES

NOTE:  Modification indices for direct effects of observed dependent variables
regressed on covariates may not be included.  To include these, request
MODINDICES (ALL).

Minimum M.I. value for printing the modification index     4.000

                                   M.I.     E.P.C.  Std E.P.C.  StdYX E.P.C.
Group AUS


No modification indices above the minimum value.

Group AUT


No modification indices above the minimum value.

Group CAN


BY Statements

SCALE    BY BASIC                  5.229    -0.121     -0.104       -0.078

WITH Statements

JOBS     WITH INCD                 5.223     0.103      0.103        0.160

Group GER


BY Statements

SCALE    BY INCD                   8.977    -0.137     -0.100       -0.088
SCALE    BY JOBS                   6.331    -0.108     -0.079       -0.070
SCALE    BY BASIC                 29.442     0.230      0.167        0.142

WITH Statements

JOBS     WITH INCD                29.542    -0.152     -0.152       -0.240
BASIC    WITH INCD                 6.342     0.071      0.071        0.099
BASIC    WITH JOBS                 8.982     0.100      0.100        0.168

Group NZ


No modification indices above the minimum value.

Group NOR


BY Statements

SCALE    BY INCD                  12.861     0.210      0.133        0.121
SCALE    BY JOBS                   4.878    -0.136     -0.086       -0.088

WITH Statements

BASIC    WITH INCD                 4.870     0.060      0.060        0.090
BASIC    WITH JOBS                12.859    -0.115     -0.115       -0.242

Group SWE


No modification indices above the minimum value.

Group USA


No modification indices above the minimum value.



DIAGRAM INFORMATION

  Use View Diagram under the Diagram menu in the Mplus Editor to view the diagram.
  If running Mplus from the Mplus Diagrammer, the diagram opens automatically.

  Diagram output
    c:\github\svallfors-1997-replication\svallfors3c.dgm

     Beginning Time:  12:26:23
        Ending Time:  12:26:23
       Elapsed Time:  00:00:00



MUTHEN & MUTHEN
3463 Stoner Ave.
Los Angeles, CA  90066

Tel: (310) 391-9971
Fax: (310) 391-8971
Web: www.StatModel.com
Support: Support@StatModel.com

Copyright (c) 1998-2018 Muthen & Muthen
